{"/Users/jackierauhut/Documents/recipe-share/src/App.js": {"path":"/Users/jackierauhut/Documents/recipe-share/src/App.js","statementMap":{"0":{"start":{"line":11,"column":21},"end":{"line":20,"column":1}},"1":{"start":{"line":24,"column":4},"end":{"line":24,"column":12}},"2":{"start":{"line":25,"column":4},"end":{"line":25,"column":30}},"3":{"start":{"line":29,"column":18},"end":{"line":29,"column":56}},"4":{"start":{"line":30,"column":4},"end":{"line":59,"column":5}},"5":{"start":{"line":31,"column":6},"end":{"line":58,"column":28}},"6":{"start":{"line":38,"column":28},"end":{"line":38,"column":43}},"7":{"start":{"line":40,"column":10},"end":{"line":56,"column":11}},"8":{"start":{"line":41,"column":12},"end":{"line":55,"column":17}},"9":{"start":{"line":48,"column":34},"end":{"line":48,"column":49}},"10":{"start":{"line":50,"column":16},"end":{"line":54,"column":17}},"11":{"start":{"line":51,"column":18},"end":{"line":51,"column":38}},"12":{"start":{"line":52,"column":18},"end":{"line":52,"column":49}},"13":{"start":{"line":53,"column":18},"end":{"line":53,"column":54}},"14":{"start":{"line":62,"column":13},"end":{"line":70,"column":3}},"15":{"start":{"line":63,"column":4},"end":{"line":69,"column":7}},"16":{"start":{"line":72,"column":19},"end":{"line":74,"column":3}},"17":{"start":{"line":73,"column":4},"end":{"line":73,"column":43}},"18":{"start":{"line":76,"column":18},"end":{"line":83,"column":3}},"19":{"start":{"line":77,"column":4},"end":{"line":82,"column":5}},"20":{"start":{"line":78,"column":6},"end":{"line":78,"column":43}},"21":{"start":{"line":79,"column":6},"end":{"line":79,"column":38}},"22":{"start":{"line":80,"column":11},"end":{"line":82,"column":5}},"23":{"start":{"line":81,"column":6},"end":{"line":81,"column":42}},"24":{"start":{"line":85,"column":16},"end":{"line":90,"column":3}},"25":{"start":{"line":86,"column":4},"end":{"line":89,"column":8}},"26":{"start":{"line":86,"column":34},"end":{"line":89,"column":5}},"27":{"start":{"line":93,"column":46},"end":{"line":93,"column":56}},"28":{"start":{"line":94,"column":4},"end":{"line":145,"column":6}},"29":{"start":{"line":109,"column":16},"end":{"line":109,"column":75}},"30":{"start":{"line":115,"column":16},"end":{"line":119,"column":18}},"31":{"start":{"line":125,"column":16},"end":{"line":129,"column":18}},"32":{"start":{"line":134,"column":33},"end":{"line":134,"column":70}},"33":{"start":{"line":139,"column":16},"end":{"line":139,"column":68}}},"fnMap":{"0":{"name":"(anonymous_0)","decl":{"start":{"line":23,"column":2},"end":{"line":23,"column":3}},"loc":{"start":{"line":23,"column":16},"end":{"line":26,"column":3}},"line":23},"1":{"name":"(anonymous_1)","decl":{"start":{"line":28,"column":2},"end":{"line":28,"column":3}},"loc":{"start":{"line":28,"column":22},"end":{"line":60,"column":3}},"line":28},"2":{"name":"(anonymous_2)","decl":{"start":{"line":38,"column":14},"end":{"line":38,"column":15}},"loc":{"start":{"line":38,"column":28},"end":{"line":38,"column":43}},"line":38},"3":{"name":"(anonymous_3)","decl":{"start":{"line":39,"column":14},"end":{"line":39,"column":15}},"loc":{"start":{"line":39,"column":24},"end":{"line":57,"column":9}},"line":39},"4":{"name":"(anonymous_4)","decl":{"start":{"line":48,"column":20},"end":{"line":48,"column":21}},"loc":{"start":{"line":48,"column":34},"end":{"line":48,"column":49}},"line":48},"5":{"name":"(anonymous_5)","decl":{"start":{"line":49,"column":20},"end":{"line":49,"column":21}},"loc":{"start":{"line":49,"column":30},"end":{"line":55,"column":15}},"line":49},"6":{"name":"(anonymous_6)","decl":{"start":{"line":62,"column":13},"end":{"line":62,"column":14}},"loc":{"start":{"line":62,"column":23},"end":{"line":70,"column":3}},"line":62},"7":{"name":"(anonymous_7)","decl":{"start":{"line":72,"column":19},"end":{"line":72,"column":20}},"loc":{"start":{"line":72,"column":31},"end":{"line":74,"column":3}},"line":72},"8":{"name":"(anonymous_8)","decl":{"start":{"line":76,"column":18},"end":{"line":76,"column":19}},"loc":{"start":{"line":76,"column":29},"end":{"line":83,"column":3}},"line":76},"9":{"name":"(anonymous_9)","decl":{"start":{"line":85,"column":16},"end":{"line":85,"column":17}},"loc":{"start":{"line":85,"column":22},"end":{"line":90,"column":3}},"line":85},"10":{"name":"(anonymous_10)","decl":{"start":{"line":86,"column":18},"end":{"line":86,"column":19}},"loc":{"start":{"line":86,"column":34},"end":{"line":89,"column":5}},"line":86},"11":{"name":"(anonymous_11)","decl":{"start":{"line":92,"column":2},"end":{"line":92,"column":3}},"loc":{"start":{"line":92,"column":11},"end":{"line":146,"column":3}},"line":92},"12":{"name":"(anonymous_12)","decl":{"start":{"line":108,"column":22},"end":{"line":108,"column":23}},"loc":{"start":{"line":109,"column":16},"end":{"line":109,"column":75}},"line":109},"13":{"name":"(anonymous_13)","decl":{"start":{"line":114,"column":22},"end":{"line":114,"column":23}},"loc":{"start":{"line":115,"column":16},"end":{"line":119,"column":18}},"line":115},"14":{"name":"(anonymous_14)","decl":{"start":{"line":124,"column":22},"end":{"line":124,"column":23}},"loc":{"start":{"line":125,"column":16},"end":{"line":129,"column":18}},"line":125},"15":{"name":"(anonymous_15)","decl":{"start":{"line":134,"column":22},"end":{"line":134,"column":23}},"loc":{"start":{"line":134,"column":33},"end":{"line":134,"column":70}},"line":134},"16":{"name":"(anonymous_16)","decl":{"start":{"line":138,"column":22},"end":{"line":138,"column":23}},"loc":{"start":{"line":139,"column":16},"end":{"line":139,"column":68}},"line":139}},"branchMap":{"0":{"loc":{"start":{"line":30,"column":4},"end":{"line":59,"column":5}},"type":"if","locations":[{"start":{"line":30,"column":4},"end":{"line":59,"column":5}},{"start":{"line":30,"column":4},"end":{"line":59,"column":5}}],"line":30},"1":{"loc":{"start":{"line":40,"column":10},"end":{"line":56,"column":11}},"type":"if","locations":[{"start":{"line":40,"column":10},"end":{"line":56,"column":11}},{"start":{"line":40,"column":10},"end":{"line":56,"column":11}}],"line":40},"2":{"loc":{"start":{"line":50,"column":16},"end":{"line":54,"column":17}},"type":"if","locations":[{"start":{"line":50,"column":16},"end":{"line":54,"column":17}},{"start":{"line":50,"column":16},"end":{"line":54,"column":17}}],"line":50},"3":{"loc":{"start":{"line":50,"column":20},"end":{"line":50,"column":41}},"type":"binary-expr","locations":[{"start":{"line":50,"column":20},"end":{"line":50,"column":24}},{"start":{"line":50,"column":28},"end":{"line":50,"column":41}}],"line":50},"4":{"loc":{"start":{"line":77,"column":4},"end":{"line":82,"column":5}},"type":"if","locations":[{"start":{"line":77,"column":4},"end":{"line":82,"column":5}},{"start":{"line":77,"column":4},"end":{"line":82,"column":5}}],"line":77},"5":{"loc":{"start":{"line":80,"column":11},"end":{"line":82,"column":5}},"type":"if","locations":[{"start":{"line":80,"column":11},"end":{"line":82,"column":5}},{"start":{"line":80,"column":11},"end":{"line":82,"column":5}}],"line":80}},"s":{"0":0,"1":0,"2":0,"3":0,"4":0,"5":0,"6":0,"7":0,"8":0,"9":0,"10":0,"11":0,"12":0,"13":0,"14":0,"15":0,"16":0,"17":0,"18":0,"19":0,"20":0,"21":0,"22":0,"23":0,"24":0,"25":0,"26":0,"27":0,"28":0,"29":0,"30":0,"31":0,"32":0,"33":0},"f":{"0":0,"1":0,"2":0,"3":0,"4":0,"5":0,"6":0,"7":0,"8":0,"9":0,"10":0,"11":0,"12":0,"13":0,"14":0,"15":0,"16":0},"b":{"0":[0,0],"1":[0,0],"2":[0,0],"3":[0,0],"4":[0,0],"5":[0,0]},"hash":"5bf4ed7932430df49a446ef1c77c4dd887073c64"}
,"/Users/jackierauhut/Documents/recipe-share/src/index.js": {"path":"/Users/jackierauhut/Documents/recipe-share/src/index.js","statementMap":{"0":{"start":{"line":8,"column":0},"end":{"line":13,"column":2}},"1":{"start":{"line":18,"column":0},"end":{"line":18,"column":27}}},"fnMap":{},"branchMap":{},"s":{"0":0,"1":0},"f":{},"b":{},"hash":"416d3fd80dec98dc3ac914eed6d3a612763c20c8"}
,"/Users/jackierauhut/Documents/recipe-share/src/serviceWorker.js": {"path":"/Users/jackierauhut/Documents/recipe-share/src/serviceWorker.js","statementMap":{"0":{"start":{"line":13,"column":20},"end":{"line":21,"column":1}},"1":{"start":{"line":24,"column":2},"end":{"line":54,"column":3}},"2":{"start":{"line":26,"column":22},"end":{"line":26,"column":75}},"3":{"start":{"line":27,"column":4},"end":{"line":32,"column":5}},"4":{"start":{"line":31,"column":6},"end":{"line":31,"column":13}},"5":{"start":{"line":34,"column":4},"end":{"line":53,"column":7}},"6":{"start":{"line":35,"column":20},"end":{"line":35,"column":65}},"7":{"start":{"line":37,"column":6},"end":{"line":52,"column":7}},"8":{"start":{"line":39,"column":8},"end":{"line":39,"column":47}},"9":{"start":{"line":43,"column":8},"end":{"line":48,"column":11}},"10":{"start":{"line":44,"column":10},"end":{"line":47,"column":12}},"11":{"start":{"line":51,"column":8},"end":{"line":51,"column":39}},"12":{"start":{"line":58,"column":2},"end":{"line":98,"column":7}},"13":{"start":{"line":61,"column":6},"end":{"line":94,"column":8}},"14":{"start":{"line":62,"column":33},"end":{"line":62,"column":56}},"15":{"start":{"line":63,"column":8},"end":{"line":65,"column":9}},"16":{"start":{"line":64,"column":10},"end":{"line":64,"column":17}},"17":{"start":{"line":66,"column":8},"end":{"line":93,"column":10}},"18":{"start":{"line":67,"column":10},"end":{"line":92,"column":11}},"19":{"start":{"line":68,"column":12},"end":{"line":91,"column":13}},"20":{"start":{"line":72,"column":14},"end":{"line":75,"column":16}},"21":{"start":{"line":78,"column":14},"end":{"line":80,"column":15}},"22":{"start":{"line":79,"column":16},"end":{"line":79,"column":46}},"23":{"start":{"line":85,"column":14},"end":{"line":85,"column":64}},"24":{"start":{"line":88,"column":14},"end":{"line":90,"column":15}},"25":{"start":{"line":89,"column":16},"end":{"line":89,"column":47}},"26":{"start":{"line":97,"column":6},"end":{"line":97,"column":72}},"27":{"start":{"line":103,"column":2},"end":{"line":128,"column":7}},"28":{"start":{"line":108,"column":26},"end":{"line":108,"column":62}},"29":{"start":{"line":109,"column":6},"end":{"line":122,"column":7}},"30":{"start":{"line":114,"column":8},"end":{"line":118,"column":11}},"31":{"start":{"line":115,"column":10},"end":{"line":117,"column":13}},"32":{"start":{"line":116,"column":12},"end":{"line":116,"column":37}},"33":{"start":{"line":121,"column":8},"end":{"line":121,"column":39}},"34":{"start":{"line":125,"column":6},"end":{"line":127,"column":8}},"35":{"start":{"line":132,"column":2},"end":{"line":140,"column":3}},"36":{"start":{"line":133,"column":4},"end":{"line":139,"column":9}},"37":{"start":{"line":135,"column":8},"end":{"line":135,"column":34}},"38":{"start":{"line":138,"column":8},"end":{"line":138,"column":37}}},"fnMap":{"0":{"name":"register","decl":{"start":{"line":23,"column":16},"end":{"line":23,"column":24}},"loc":{"start":{"line":23,"column":33},"end":{"line":55,"column":1}},"line":23},"1":{"name":"(anonymous_1)","decl":{"start":{"line":34,"column":36},"end":{"line":34,"column":37}},"loc":{"start":{"line":34,"column":42},"end":{"line":53,"column":5}},"line":34},"2":{"name":"(anonymous_2)","decl":{"start":{"line":43,"column":43},"end":{"line":43,"column":44}},"loc":{"start":{"line":43,"column":49},"end":{"line":48,"column":9}},"line":43},"3":{"name":"registerValidSW","decl":{"start":{"line":57,"column":9},"end":{"line":57,"column":24}},"loc":{"start":{"line":57,"column":40},"end":{"line":99,"column":1}},"line":57},"4":{"name":"(anonymous_4)","decl":{"start":{"line":60,"column":10},"end":{"line":60,"column":11}},"loc":{"start":{"line":60,"column":26},"end":{"line":95,"column":5}},"line":60},"5":{"name":"(anonymous_5)","decl":{"start":{"line":61,"column":35},"end":{"line":61,"column":36}},"loc":{"start":{"line":61,"column":41},"end":{"line":94,"column":7}},"line":61},"6":{"name":"(anonymous_6)","decl":{"start":{"line":66,"column":41},"end":{"line":66,"column":42}},"loc":{"start":{"line":66,"column":47},"end":{"line":93,"column":9}},"line":66},"7":{"name":"(anonymous_7)","decl":{"start":{"line":96,"column":11},"end":{"line":96,"column":12}},"loc":{"start":{"line":96,"column":20},"end":{"line":98,"column":5}},"line":96},"8":{"name":"checkValidServiceWorker","decl":{"start":{"line":101,"column":9},"end":{"line":101,"column":32}},"loc":{"start":{"line":101,"column":48},"end":{"line":129,"column":1}},"line":101},"9":{"name":"(anonymous_9)","decl":{"start":{"line":106,"column":10},"end":{"line":106,"column":11}},"loc":{"start":{"line":106,"column":22},"end":{"line":123,"column":5}},"line":106},"10":{"name":"(anonymous_10)","decl":{"start":{"line":114,"column":43},"end":{"line":114,"column":44}},"loc":{"start":{"line":114,"column":59},"end":{"line":118,"column":9}},"line":114},"11":{"name":"(anonymous_11)","decl":{"start":{"line":115,"column":41},"end":{"line":115,"column":42}},"loc":{"start":{"line":115,"column":47},"end":{"line":117,"column":11}},"line":115},"12":{"name":"(anonymous_12)","decl":{"start":{"line":124,"column":11},"end":{"line":124,"column":12}},"loc":{"start":{"line":124,"column":17},"end":{"line":128,"column":5}},"line":124},"13":{"name":"unregister","decl":{"start":{"line":131,"column":16},"end":{"line":131,"column":26}},"loc":{"start":{"line":131,"column":29},"end":{"line":141,"column":1}},"line":131},"14":{"name":"(anonymous_14)","decl":{"start":{"line":134,"column":12},"end":{"line":134,"column":13}},"loc":{"start":{"line":134,"column":28},"end":{"line":136,"column":7}},"line":134},"15":{"name":"(anonymous_15)","decl":{"start":{"line":137,"column":13},"end":{"line":137,"column":14}},"loc":{"start":{"line":137,"column":22},"end":{"line":139,"column":7}},"line":137}},"branchMap":{"0":{"loc":{"start":{"line":14,"column":2},"end":{"line":20,"column":5}},"type":"binary-expr","locations":[{"start":{"line":14,"column":2},"end":{"line":14,"column":42}},{"start":{"line":16,"column":4},"end":{"line":16,"column":40}},{"start":{"line":18,"column":4},"end":{"line":20,"column":5}}],"line":14},"1":{"loc":{"start":{"line":24,"column":2},"end":{"line":54,"column":3}},"type":"if","locations":[{"start":{"line":24,"column":2},"end":{"line":54,"column":3}},{"start":{"line":24,"column":2},"end":{"line":54,"column":3}}],"line":24},"2":{"loc":{"start":{"line":24,"column":6},"end":{"line":24,"column":75}},"type":"binary-expr","locations":[{"start":{"line":24,"column":6},"end":{"line":24,"column":43}},{"start":{"line":24,"column":47},"end":{"line":24,"column":75}}],"line":24},"3":{"loc":{"start":{"line":27,"column":4},"end":{"line":32,"column":5}},"type":"if","locations":[{"start":{"line":27,"column":4},"end":{"line":32,"column":5}},{"start":{"line":27,"column":4},"end":{"line":32,"column":5}}],"line":27},"4":{"loc":{"start":{"line":37,"column":6},"end":{"line":52,"column":7}},"type":"if","locations":[{"start":{"line":37,"column":6},"end":{"line":52,"column":7}},{"start":{"line":37,"column":6},"end":{"line":52,"column":7}}],"line":37},"5":{"loc":{"start":{"line":63,"column":8},"end":{"line":65,"column":9}},"type":"if","locations":[{"start":{"line":63,"column":8},"end":{"line":65,"column":9}},{"start":{"line":63,"column":8},"end":{"line":65,"column":9}}],"line":63},"6":{"loc":{"start":{"line":67,"column":10},"end":{"line":92,"column":11}},"type":"if","locations":[{"start":{"line":67,"column":10},"end":{"line":92,"column":11}},{"start":{"line":67,"column":10},"end":{"line":92,"column":11}}],"line":67},"7":{"loc":{"start":{"line":68,"column":12},"end":{"line":91,"column":13}},"type":"if","locations":[{"start":{"line":68,"column":12},"end":{"line":91,"column":13}},{"start":{"line":68,"column":12},"end":{"line":91,"column":13}}],"line":68},"8":{"loc":{"start":{"line":78,"column":14},"end":{"line":80,"column":15}},"type":"if","locations":[{"start":{"line":78,"column":14},"end":{"line":80,"column":15}},{"start":{"line":78,"column":14},"end":{"line":80,"column":15}}],"line":78},"9":{"loc":{"start":{"line":78,"column":18},"end":{"line":78,"column":43}},"type":"binary-expr","locations":[{"start":{"line":78,"column":18},"end":{"line":78,"column":24}},{"start":{"line":78,"column":28},"end":{"line":78,"column":43}}],"line":78},"10":{"loc":{"start":{"line":88,"column":14},"end":{"line":90,"column":15}},"type":"if","locations":[{"start":{"line":88,"column":14},"end":{"line":90,"column":15}},{"start":{"line":88,"column":14},"end":{"line":90,"column":15}}],"line":88},"11":{"loc":{"start":{"line":88,"column":18},"end":{"line":88,"column":44}},"type":"binary-expr","locations":[{"start":{"line":88,"column":18},"end":{"line":88,"column":24}},{"start":{"line":88,"column":28},"end":{"line":88,"column":44}}],"line":88},"12":{"loc":{"start":{"line":109,"column":6},"end":{"line":122,"column":7}},"type":"if","locations":[{"start":{"line":109,"column":6},"end":{"line":122,"column":7}},{"start":{"line":109,"column":6},"end":{"line":122,"column":7}}],"line":109},"13":{"loc":{"start":{"line":110,"column":8},"end":{"line":111,"column":73}},"type":"binary-expr","locations":[{"start":{"line":110,"column":8},"end":{"line":110,"column":31}},{"start":{"line":111,"column":9},"end":{"line":111,"column":28}},{"start":{"line":111,"column":32},"end":{"line":111,"column":72}}],"line":110},"14":{"loc":{"start":{"line":132,"column":2},"end":{"line":140,"column":3}},"type":"if","locations":[{"start":{"line":132,"column":2},"end":{"line":140,"column":3}},{"start":{"line":132,"column":2},"end":{"line":140,"column":3}}],"line":132}},"s":{"0":0,"1":0,"2":0,"3":0,"4":0,"5":0,"6":0,"7":0,"8":0,"9":0,"10":0,"11":0,"12":0,"13":0,"14":0,"15":0,"16":0,"17":0,"18":0,"19":0,"20":0,"21":0,"22":0,"23":0,"24":0,"25":0,"26":0,"27":0,"28":0,"29":0,"30":0,"31":0,"32":0,"33":0,"34":0,"35":0,"36":0,"37":0,"38":0},"f":{"0":0,"1":0,"2":0,"3":0,"4":0,"5":0,"6":0,"7":0,"8":0,"9":0,"10":0,"11":0,"12":0,"13":0,"14":0,"15":0},"b":{"0":[0,0,0],"1":[0,0],"2":[0,0],"3":[0,0],"4":[0,0],"5":[0,0],"6":[0,0],"7":[0,0],"8":[0,0],"9":[0,0],"10":[0,0],"11":[0,0],"12":[0,0],"13":[0,0,0],"14":[0,0]},"hash":"196ab0af3b5fffccdd4e123efa94c19175d35c75"}
,"/Users/jackierauhut/Documents/recipe-share/src/components/AddRecipeModal/AddRecipeModal.js": {"path":"/Users/jackierauhut/Documents/recipe-share/src/components/AddRecipeModal/AddRecipeModal.js","statementMap":{"0":{"start":{"line":20,"column":4},"end":{"line":20,"column":17}},"1":{"start":{"line":21,"column":4},"end":{"line":34,"column":6}},"2":{"start":{"line":37,"column":19},"end":{"line":96,"column":3}},"3":{"start":{"line":38,"column":30},"end":{"line":40,"column":5}},"4":{"start":{"line":39,"column":22},"end":{"line":39,"column":46}},"5":{"start":{"line":41,"column":24},"end":{"line":43,"column":5}},"6":{"start":{"line":42,"column":16},"end":{"line":42,"column":34}},"7":{"start":{"line":46,"column":4},"end":{"line":95,"column":5}},"8":{"start":{"line":47,"column":6},"end":{"line":47,"column":74}},"9":{"start":{"line":48,"column":6},"end":{"line":48,"column":45}},"10":{"start":{"line":49,"column":11},"end":{"line":95,"column":5}},"11":{"start":{"line":50,"column":6},"end":{"line":50,"column":73}},"12":{"start":{"line":51,"column":6},"end":{"line":51,"column":45}},"13":{"start":{"line":53,"column":6},"end":{"line":53,"column":46}},"14":{"start":{"line":55,"column":20},"end":{"line":55,"column":58}},"15":{"start":{"line":58,"column":6},"end":{"line":60,"column":7}},"16":{"start":{"line":59,"column":8},"end":{"line":59,"column":47}},"17":{"start":{"line":61,"column":6},"end":{"line":63,"column":7}},"18":{"start":{"line":62,"column":8},"end":{"line":62,"column":54}},"19":{"start":{"line":64,"column":6},"end":{"line":66,"column":7}},"20":{"start":{"line":65,"column":8},"end":{"line":65,"column":50}},"21":{"start":{"line":68,"column":6},"end":{"line":94,"column":28}},"22":{"start":{"line":85,"column":28},"end":{"line":85,"column":43}},"23":{"start":{"line":87,"column":10},"end":{"line":92,"column":11}},"24":{"start":{"line":88,"column":12},"end":{"line":88,"column":32}},"25":{"start":{"line":89,"column":12},"end":{"line":89,"column":44}},"26":{"start":{"line":91,"column":12},"end":{"line":91,"column":78}},"27":{"start":{"line":98,"column":17},"end":{"line":105,"column":3}},"28":{"start":{"line":99,"column":4},"end":{"line":99,"column":54}},"29":{"start":{"line":100,"column":24},"end":{"line":100,"column":29}},"30":{"start":{"line":101,"column":4},"end":{"line":103,"column":5}},"31":{"start":{"line":102,"column":6},"end":{"line":102,"column":27}},"32":{"start":{"line":104,"column":4},"end":{"line":104,"column":37}},"33":{"start":{"line":107,"column":25},"end":{"line":109,"column":3}},"34":{"start":{"line":108,"column":4},"end":{"line":108,"column":62}},"35":{"start":{"line":111,"column":27},"end":{"line":113,"column":3}},"36":{"start":{"line":112,"column":4},"end":{"line":112,"column":64}},"37":{"start":{"line":115,"column":24},"end":{"line":122,"column":3}},"38":{"start":{"line":116,"column":4},"end":{"line":116,"column":61}},"39":{"start":{"line":117,"column":31},"end":{"line":117,"column":36}},"40":{"start":{"line":118,"column":4},"end":{"line":120,"column":5}},"41":{"start":{"line":119,"column":6},"end":{"line":119,"column":34}},"42":{"start":{"line":121,"column":4},"end":{"line":121,"column":44}},"43":{"start":{"line":124,"column":20},"end":{"line":131,"column":3}},"44":{"start":{"line":125,"column":4},"end":{"line":125,"column":57}},"45":{"start":{"line":126,"column":27},"end":{"line":126,"column":32}},"46":{"start":{"line":127,"column":4},"end":{"line":129,"column":5}},"47":{"start":{"line":128,"column":6},"end":{"line":128,"column":30}},"48":{"start":{"line":130,"column":4},"end":{"line":130,"column":40}},"49":{"start":{"line":134,"column":4},"end":{"line":157,"column":7}},"50":{"start":{"line":135,"column":6},"end":{"line":156,"column":12}},"51":{"start":{"line":161,"column":28},"end":{"line":161,"column":61}},"52":{"start":{"line":162,"column":4},"end":{"line":162,"column":46}},"53":{"start":{"line":163,"column":4},"end":{"line":163,"column":41}},"54":{"start":{"line":167,"column":4},"end":{"line":169,"column":8}},"55":{"start":{"line":167,"column":34},"end":{"line":169,"column":5}},"56":{"start":{"line":173,"column":28},"end":{"line":173,"column":61}},"57":{"start":{"line":174,"column":4},"end":{"line":174,"column":35}},"58":{"start":{"line":175,"column":4},"end":{"line":175,"column":41}},"59":{"start":{"line":179,"column":4},"end":{"line":202,"column":7}},"60":{"start":{"line":180,"column":6},"end":{"line":201,"column":12}},"61":{"start":{"line":206,"column":22},"end":{"line":206,"column":49}},"62":{"start":{"line":207,"column":4},"end":{"line":207,"column":40}},"63":{"start":{"line":208,"column":4},"end":{"line":208,"column":35}},"64":{"start":{"line":212,"column":4},"end":{"line":214,"column":8}},"65":{"start":{"line":212,"column":34},"end":{"line":214,"column":5}},"66":{"start":{"line":218,"column":22},"end":{"line":218,"column":49}},"67":{"start":{"line":219,"column":4},"end":{"line":219,"column":29}},"68":{"start":{"line":220,"column":4},"end":{"line":220,"column":35}},"69":{"start":{"line":224,"column":15},"end":{"line":224,"column":17}},"70":{"start":{"line":225,"column":4},"end":{"line":227,"column":5}},"71":{"start":{"line":225,"column":17},"end":{"line":225,"column":20}},"72":{"start":{"line":226,"column":6},"end":{"line":226,"column":37}},"73":{"start":{"line":228,"column":4},"end":{"line":228,"column":62}},"74":{"start":{"line":228,"column":35},"end":{"line":228,"column":60}},"75":{"start":{"line":232,"column":23},"end":{"line":232,"column":33}},"76":{"start":{"line":233,"column":4},"end":{"line":341,"column":6}}},"fnMap":{"0":{"name":"(anonymous_0)","decl":{"start":{"line":19,"column":2},"end":{"line":19,"column":3}},"loc":{"start":{"line":19,"column":21},"end":{"line":35,"column":3}},"line":19},"1":{"name":"(anonymous_1)","decl":{"start":{"line":37,"column":19},"end":{"line":37,"column":20}},"loc":{"start":{"line":37,"column":25},"end":{"line":96,"column":3}},"line":37},"2":{"name":"(anonymous_2)","decl":{"start":{"line":39,"column":6},"end":{"line":39,"column":7}},"loc":{"start":{"line":39,"column":22},"end":{"line":39,"column":46}},"line":39},"3":{"name":"(anonymous_3)","decl":{"start":{"line":42,"column":6},"end":{"line":42,"column":7}},"loc":{"start":{"line":42,"column":16},"end":{"line":42,"column":34}},"line":42},"4":{"name":"(anonymous_4)","decl":{"start":{"line":85,"column":14},"end":{"line":85,"column":15}},"loc":{"start":{"line":85,"column":28},"end":{"line":85,"column":43}},"line":85},"5":{"name":"(anonymous_5)","decl":{"start":{"line":86,"column":14},"end":{"line":86,"column":15}},"loc":{"start":{"line":86,"column":24},"end":{"line":93,"column":9}},"line":86},"6":{"name":"(anonymous_6)","decl":{"start":{"line":98,"column":17},"end":{"line":98,"column":18}},"loc":{"start":{"line":98,"column":28},"end":{"line":105,"column":3}},"line":98},"7":{"name":"(anonymous_7)","decl":{"start":{"line":107,"column":25},"end":{"line":107,"column":26}},"loc":{"start":{"line":107,"column":36},"end":{"line":109,"column":3}},"line":107},"8":{"name":"(anonymous_8)","decl":{"start":{"line":111,"column":27},"end":{"line":111,"column":28}},"loc":{"start":{"line":111,"column":38},"end":{"line":113,"column":3}},"line":111},"9":{"name":"(anonymous_9)","decl":{"start":{"line":115,"column":24},"end":{"line":115,"column":25}},"loc":{"start":{"line":115,"column":35},"end":{"line":122,"column":3}},"line":115},"10":{"name":"(anonymous_10)","decl":{"start":{"line":124,"column":20},"end":{"line":124,"column":21}},"loc":{"start":{"line":124,"column":31},"end":{"line":131,"column":3}},"line":124},"11":{"name":"(anonymous_11)","decl":{"start":{"line":133,"column":2},"end":{"line":133,"column":3}},"loc":{"start":{"line":133,"column":26},"end":{"line":158,"column":3}},"line":133},"12":{"name":"(anonymous_12)","decl":{"start":{"line":134,"column":44},"end":{"line":134,"column":45}},"loc":{"start":{"line":135,"column":6},"end":{"line":156,"column":12}},"line":135},"13":{"name":"(anonymous_13)","decl":{"start":{"line":160,"column":2},"end":{"line":160,"column":3}},"loc":{"start":{"line":160,"column":36},"end":{"line":164,"column":3}},"line":160},"14":{"name":"(anonymous_14)","decl":{"start":{"line":166,"column":2},"end":{"line":166,"column":3}},"loc":{"start":{"line":166,"column":24},"end":{"line":170,"column":3}},"line":166},"15":{"name":"(anonymous_15)","decl":{"start":{"line":167,"column":18},"end":{"line":167,"column":19}},"loc":{"start":{"line":167,"column":34},"end":{"line":169,"column":5}},"line":167},"16":{"name":"(anonymous_16)","decl":{"start":{"line":172,"column":2},"end":{"line":172,"column":3}},"loc":{"start":{"line":172,"column":28},"end":{"line":176,"column":3}},"line":172},"17":{"name":"(anonymous_17)","decl":{"start":{"line":178,"column":2},"end":{"line":178,"column":3}},"loc":{"start":{"line":178,"column":20},"end":{"line":203,"column":3}},"line":178},"18":{"name":"(anonymous_18)","decl":{"start":{"line":179,"column":38},"end":{"line":179,"column":39}},"loc":{"start":{"line":180,"column":6},"end":{"line":201,"column":12}},"line":180},"19":{"name":"(anonymous_19)","decl":{"start":{"line":205,"column":2},"end":{"line":205,"column":3}},"loc":{"start":{"line":205,"column":30},"end":{"line":209,"column":3}},"line":205},"20":{"name":"(anonymous_20)","decl":{"start":{"line":211,"column":2},"end":{"line":211,"column":3}},"loc":{"start":{"line":211,"column":18},"end":{"line":215,"column":3}},"line":211},"21":{"name":"(anonymous_21)","decl":{"start":{"line":212,"column":18},"end":{"line":212,"column":19}},"loc":{"start":{"line":212,"column":34},"end":{"line":214,"column":5}},"line":212},"22":{"name":"(anonymous_22)","decl":{"start":{"line":217,"column":2},"end":{"line":217,"column":3}},"loc":{"start":{"line":217,"column":22},"end":{"line":221,"column":3}},"line":217},"23":{"name":"(anonymous_23)","decl":{"start":{"line":223,"column":2},"end":{"line":223,"column":3}},"loc":{"start":{"line":223,"column":28},"end":{"line":229,"column":3}},"line":223},"24":{"name":"(anonymous_24)","decl":{"start":{"line":228,"column":20},"end":{"line":228,"column":21}},"loc":{"start":{"line":228,"column":35},"end":{"line":228,"column":60}},"line":228},"25":{"name":"(anonymous_25)","decl":{"start":{"line":231,"column":2},"end":{"line":231,"column":3}},"loc":{"start":{"line":231,"column":11},"end":{"line":342,"column":3}},"line":231}},"branchMap":{"0":{"loc":{"start":{"line":46,"column":4},"end":{"line":95,"column":5}},"type":"if","locations":[{"start":{"line":46,"column":4},"end":{"line":95,"column":5}},{"start":{"line":46,"column":4},"end":{"line":95,"column":5}}],"line":46},"1":{"loc":{"start":{"line":49,"column":11},"end":{"line":95,"column":5}},"type":"if","locations":[{"start":{"line":49,"column":11},"end":{"line":95,"column":5}},{"start":{"line":49,"column":11},"end":{"line":95,"column":5}}],"line":49},"2":{"loc":{"start":{"line":58,"column":6},"end":{"line":60,"column":7}},"type":"if","locations":[{"start":{"line":58,"column":6},"end":{"line":60,"column":7}},{"start":{"line":58,"column":6},"end":{"line":60,"column":7}}],"line":58},"3":{"loc":{"start":{"line":61,"column":6},"end":{"line":63,"column":7}},"type":"if","locations":[{"start":{"line":61,"column":6},"end":{"line":63,"column":7}},{"start":{"line":61,"column":6},"end":{"line":63,"column":7}}],"line":61},"4":{"loc":{"start":{"line":64,"column":6},"end":{"line":66,"column":7}},"type":"if","locations":[{"start":{"line":64,"column":6},"end":{"line":66,"column":7}},{"start":{"line":64,"column":6},"end":{"line":66,"column":7}}],"line":64},"5":{"loc":{"start":{"line":74,"column":12},"end":{"line":78,"column":23}},"type":"cond-expr","locations":[{"start":{"line":75,"column":16},"end":{"line":75,"column":57}},{"start":{"line":76,"column":16},"end":{"line":78,"column":23}}],"line":74},"6":{"loc":{"start":{"line":87,"column":10},"end":{"line":92,"column":11}},"type":"if","locations":[{"start":{"line":87,"column":10},"end":{"line":92,"column":11}},{"start":{"line":87,"column":10},"end":{"line":92,"column":11}}],"line":87},"7":{"loc":{"start":{"line":101,"column":4},"end":{"line":103,"column":5}},"type":"if","locations":[{"start":{"line":101,"column":4},"end":{"line":103,"column":5}},{"start":{"line":101,"column":4},"end":{"line":103,"column":5}}],"line":101},"8":{"loc":{"start":{"line":118,"column":4},"end":{"line":120,"column":5}},"type":"if","locations":[{"start":{"line":118,"column":4},"end":{"line":120,"column":5}},{"start":{"line":118,"column":4},"end":{"line":120,"column":5}}],"line":118},"9":{"loc":{"start":{"line":127,"column":4},"end":{"line":129,"column":5}},"type":"if","locations":[{"start":{"line":127,"column":4},"end":{"line":129,"column":5}},{"start":{"line":127,"column":4},"end":{"line":129,"column":5}}],"line":127},"10":{"loc":{"start":{"line":140,"column":19},"end":{"line":140,"column":35}},"type":"binary-expr","locations":[{"start":{"line":140,"column":19},"end":{"line":140,"column":29}},{"start":{"line":140,"column":33},"end":{"line":140,"column":35}}],"line":140},"11":{"loc":{"start":{"line":144,"column":11},"end":{"line":154,"column":18}},"type":"cond-expr","locations":[{"start":{"line":145,"column":12},"end":{"line":153,"column":30}},{"start":{"line":154,"column":14},"end":{"line":154,"column":18}}],"line":144},"12":{"loc":{"start":{"line":185,"column":19},"end":{"line":185,"column":29}},"type":"binary-expr","locations":[{"start":{"line":185,"column":19},"end":{"line":185,"column":23}},{"start":{"line":185,"column":27},"end":{"line":185,"column":29}}],"line":185},"13":{"loc":{"start":{"line":189,"column":11},"end":{"line":199,"column":18}},"type":"cond-expr","locations":[{"start":{"line":190,"column":12},"end":{"line":198,"column":30}},{"start":{"line":199,"column":14},"end":{"line":199,"column":18}}],"line":189},"14":{"loc":{"start":{"line":323,"column":13},"end":{"line":325,"column":13}},"type":"binary-expr","locations":[{"start":{"line":323,"column":13},"end":{"line":323,"column":37}},{"start":{"line":324,"column":14},"end":{"line":324,"column":65}}],"line":323}},"s":{"0":11,"1":11,"2":11,"3":2,"4":2,"5":2,"6":2,"7":2,"8":1,"9":1,"10":1,"11":1,"12":1,"13":0,"14":0,"15":0,"16":0,"17":0,"18":0,"19":0,"20":0,"21":0,"22":0,"23":0,"24":0,"25":0,"26":0,"27":11,"28":2,"29":2,"30":2,"31":1,"32":2,"33":11,"34":1,"35":11,"36":1,"37":11,"38":2,"39":2,"40":2,"41":1,"42":2,"43":11,"44":2,"45":2,"46":2,"47":1,"48":2,"49":38,"50":39,"51":1,"52":1,"53":1,"54":1,"55":1,"56":1,"57":1,"58":1,"59":38,"60":39,"61":1,"62":1,"63":1,"64":1,"65":1,"66":1,"67":1,"68":1,"69":76,"70":76,"71":76,"72":3230,"73":76,"74":3230,"75":38,"76":38},"f":{"0":11,"1":2,"2":2,"3":2,"4":0,"5":0,"6":2,"7":1,"8":1,"9":2,"10":2,"11":38,"12":39,"13":1,"14":1,"15":1,"16":1,"17":38,"18":39,"19":1,"20":1,"21":1,"22":1,"23":76,"24":3230,"25":38},"b":{"0":[1,1],"1":[1,0],"2":[0,0],"3":[0,0],"4":[0,0],"5":[0,0],"6":[0,0],"7":[1,1],"8":[1,1],"9":[1,1],"10":[39,33],"11":[1,38],"12":[39,33],"13":[1,38],"14":[38,2]},"_coverageSchema":"43e27e138ebf9cfc5966b082cf9a028302ed4184","hash":"c92af09d501e32d1b56d89155c4e54deb8323fa8"}
,"/Users/jackierauhut/Documents/recipe-share/src/components/MainPage/MainPage.js": {"path":"/Users/jackierauhut/Documents/recipe-share/src/components/MainPage/MainPage.js","statementMap":{"0":{"start":{"line":9,"column":4},"end":{"line":9,"column":17}},"1":{"start":{"line":10,"column":4},"end":{"line":14,"column":6}},"2":{"start":{"line":18,"column":4},"end":{"line":36,"column":5}},"3":{"start":{"line":19,"column":18},"end":{"line":27,"column":7}},"4":{"start":{"line":28,"column":6},"end":{"line":30,"column":7}},"5":{"start":{"line":29,"column":8},"end":{"line":29,"column":75}},"6":{"start":{"line":31,"column":22},"end":{"line":31,"column":38}},"7":{"start":{"line":32,"column":6},"end":{"line":32,"column":47}},"8":{"start":{"line":33,"column":6},"end":{"line":33,"column":42}},"9":{"start":{"line":35,"column":6},"end":{"line":35,"column":23}},"10":{"start":{"line":39,"column":11},"end":{"line":41,"column":3}},"11":{"start":{"line":40,"column":4},"end":{"line":40,"column":74}},"12":{"start":{"line":43,"column":16},"end":{"line":45,"column":3}},"13":{"start":{"line":44,"column":4},"end":{"line":44,"column":45}},"14":{"start":{"line":48,"column":44},"end":{"line":48,"column":54}},"15":{"start":{"line":49,"column":4},"end":{"line":73,"column":6}}},"fnMap":{"0":{"name":"(anonymous_0)","decl":{"start":{"line":8,"column":2},"end":{"line":8,"column":3}},"loc":{"start":{"line":8,"column":21},"end":{"line":15,"column":3}},"line":8},"1":{"name":"(anonymous_1)","decl":{"start":{"line":17,"column":2},"end":{"line":17,"column":3}},"loc":{"start":{"line":17,"column":28},"end":{"line":37,"column":3}},"line":17},"2":{"name":"(anonymous_2)","decl":{"start":{"line":39,"column":11},"end":{"line":39,"column":12}},"loc":{"start":{"line":39,"column":17},"end":{"line":41,"column":3}},"line":39},"3":{"name":"(anonymous_3)","decl":{"start":{"line":43,"column":16},"end":{"line":43,"column":17}},"loc":{"start":{"line":43,"column":24},"end":{"line":45,"column":3}},"line":43},"4":{"name":"(anonymous_4)","decl":{"start":{"line":47,"column":2},"end":{"line":47,"column":3}},"loc":{"start":{"line":47,"column":11},"end":{"line":74,"column":3}},"line":47}},"branchMap":{"0":{"loc":{"start":{"line":28,"column":6},"end":{"line":30,"column":7}},"type":"if","locations":[{"start":{"line":28,"column":6},"end":{"line":30,"column":7}},{"start":{"line":28,"column":6},"end":{"line":30,"column":7}}],"line":28},"1":{"loc":{"start":{"line":52,"column":9},"end":{"line":64,"column":9}},"type":"cond-expr","locations":[{"start":{"line":53,"column":10},"end":{"line":53,"column":56}},{"start":{"line":54,"column":12},"end":{"line":64,"column":9}}],"line":52},"2":{"loc":{"start":{"line":54,"column":12},"end":{"line":64,"column":9}},"type":"cond-expr","locations":[{"start":{"line":55,"column":10},"end":{"line":61,"column":19}},{"start":{"line":63,"column":10},"end":{"line":63,"column":56}}],"line":54}},"s":{"0":5,"1":5,"2":5,"3":5,"4":1,"5":0,"6":1,"7":1,"8":1,"9":0,"10":5,"11":1,"12":5,"13":0,"14":11,"15":11},"f":{"0":5,"1":5,"2":1,"3":0,"4":11},"b":{"0":[0,1],"1":[6,5],"2":[4,1]},"_coverageSchema":"43e27e138ebf9cfc5966b082cf9a028302ed4184","hash":"7f3e6d6ab58b48ad7a7124a7b19f30194b32d9e1"}
,"/Users/jackierauhut/Documents/recipe-share/src/components/NavBar/NavBar.js": {"path":"/Users/jackierauhut/Documents/recipe-share/src/components/NavBar/NavBar.js","statementMap":{"0":{"start":{"line":17,"column":4},"end":{"line":17,"column":17}},"1":{"start":{"line":18,"column":4},"end":{"line":22,"column":6}},"2":{"start":{"line":25,"column":19},"end":{"line":27,"column":3}},"3":{"start":{"line":26,"column":4},"end":{"line":26,"column":55}},"4":{"start":{"line":29,"column":11},"end":{"line":31,"column":3}},"5":{"start":{"line":30,"column":4},"end":{"line":30,"column":50}},"6":{"start":{"line":34,"column":21},"end":{"line":34,"column":31}},"7":{"start":{"line":35,"column":23},"end":{"line":35,"column":33}},"8":{"start":{"line":37,"column":4},"end":{"line":93,"column":6}},"9":{"start":{"line":58,"column":18},"end":{"line":58,"column":67}}},"fnMap":{"0":{"name":"(anonymous_0)","decl":{"start":{"line":16,"column":2},"end":{"line":16,"column":3}},"loc":{"start":{"line":16,"column":21},"end":{"line":23,"column":3}},"line":16},"1":{"name":"(anonymous_1)","decl":{"start":{"line":25,"column":19},"end":{"line":25,"column":20}},"loc":{"start":{"line":25,"column":30},"end":{"line":27,"column":3}},"line":25},"2":{"name":"(anonymous_2)","decl":{"start":{"line":29,"column":11},"end":{"line":29,"column":12}},"loc":{"start":{"line":29,"column":17},"end":{"line":31,"column":3}},"line":29},"3":{"name":"(anonymous_3)","decl":{"start":{"line":33,"column":2},"end":{"line":33,"column":3}},"loc":{"start":{"line":33,"column":11},"end":{"line":94,"column":3}},"line":33},"4":{"name":"(anonymous_4)","decl":{"start":{"line":57,"column":25},"end":{"line":57,"column":26}},"loc":{"start":{"line":58,"column":18},"end":{"line":58,"column":67}},"line":58}},"branchMap":{"0":{"loc":{"start":{"line":69,"column":15},"end":{"line":88,"column":15}},"type":"cond-expr","locations":[{"start":{"line":70,"column":16},"end":{"line":76,"column":22}},{"start":{"line":78,"column":16},"end":{"line":87,"column":22}}],"line":69}},"s":{"0":0,"1":0,"2":0,"3":0,"4":0,"5":0,"6":0,"7":0,"8":0,"9":0},"f":{"0":0,"1":0,"2":0,"3":0,"4":0},"b":{"0":[0,0]},"hash":"b304e4e07b9094ec44eb61edeaf2e047dca3c509"}
,"/Users/jackierauhut/Documents/recipe-share/src/components/Profile/ProfileDropdown.js": {"path":"/Users/jackierauhut/Documents/recipe-share/src/components/Profile/ProfileDropdown.js","statementMap":{"0":{"start":{"line":12,"column":4},"end":{"line":12,"column":17}},"1":{"start":{"line":13,"column":4},"end":{"line":13,"column":41}},"2":{"start":{"line":14,"column":4},"end":{"line":16,"column":6}},"3":{"start":{"line":19,"column":11},"end":{"line":23,"column":3}},"4":{"start":{"line":20,"column":4},"end":{"line":22,"column":8}},"5":{"start":{"line":20,"column":34},"end":{"line":22,"column":5}},"6":{"start":{"line":26,"column":4},"end":{"line":74,"column":6}},"7":{"start":{"line":46,"column":32},"end":{"line":46,"column":70}},"8":{"start":{"line":47,"column":18},"end":{"line":63,"column":40}},"9":{"start":{"line":55,"column":22},"end":{"line":61,"column":23}},"10":{"start":{"line":56,"column":24},"end":{"line":56,"column":40}},"11":{"start":{"line":58,"column":24},"end":{"line":60,"column":26}},"12":{"start":{"line":64,"column":18},"end":{"line":64,"column":60}},"13":{"start":{"line":65,"column":18},"end":{"line":65,"column":54}}},"fnMap":{"0":{"name":"(anonymous_0)","decl":{"start":{"line":11,"column":2},"end":{"line":11,"column":3}},"loc":{"start":{"line":11,"column":21},"end":{"line":17,"column":3}},"line":11},"1":{"name":"(anonymous_1)","decl":{"start":{"line":19,"column":11},"end":{"line":19,"column":12}},"loc":{"start":{"line":19,"column":17},"end":{"line":23,"column":3}},"line":19},"2":{"name":"(anonymous_2)","decl":{"start":{"line":20,"column":18},"end":{"line":20,"column":19}},"loc":{"start":{"line":20,"column":34},"end":{"line":22,"column":5}},"line":20},"3":{"name":"(anonymous_3)","decl":{"start":{"line":25,"column":2},"end":{"line":25,"column":3}},"loc":{"start":{"line":25,"column":11},"end":{"line":75,"column":3}},"line":25},"4":{"name":"(anonymous_4)","decl":{"start":{"line":45,"column":25},"end":{"line":45,"column":26}},"loc":{"start":{"line":45,"column":31},"end":{"line":66,"column":17}},"line":45},"5":{"name":"(anonymous_5)","decl":{"start":{"line":54,"column":26},"end":{"line":54,"column":27}},"loc":{"start":{"line":54,"column":40},"end":{"line":62,"column":21}},"line":54}},"branchMap":{"0":{"loc":{"start":{"line":55,"column":22},"end":{"line":61,"column":23}},"type":"if","locations":[{"start":{"line":55,"column":22},"end":{"line":61,"column":23}},{"start":{"line":55,"column":22},"end":{"line":61,"column":23}}],"line":55}},"s":{"0":0,"1":0,"2":0,"3":0,"4":0,"5":0,"6":0,"7":0,"8":0,"9":0,"10":0,"11":0,"12":0,"13":0},"f":{"0":0,"1":0,"2":0,"3":0,"4":0,"5":0},"b":{"0":[0,0]},"hash":"e665b6a3f6cc8f325e7dfeaefceaed33cdbd851b"}
,"/Users/jackierauhut/Documents/recipe-share/src/components/RecipeDisplay/RecipeDisplay.js": {"path":"/Users/jackierauhut/Documents/recipe-share/src/components/RecipeDisplay/RecipeDisplay.js","statementMap":{"0":{"start":{"line":13,"column":22},"end":{"line":38,"column":1}},"1":{"start":{"line":14,"column":2},"end":{"line":37,"column":4}},"2":{"start":{"line":17,"column":8},"end":{"line":34,"column":10}}},"fnMap":{"0":{"name":"(anonymous_0)","decl":{"start":{"line":13,"column":22},"end":{"line":13,"column":23}},"loc":{"start":{"line":13,"column":39},"end":{"line":38,"column":1}},"line":13},"1":{"name":"(anonymous_1)","decl":{"start":{"line":16,"column":19},"end":{"line":16,"column":20}},"loc":{"start":{"line":16,"column":31},"end":{"line":35,"column":7}},"line":16}},"branchMap":{},"s":{"0":2,"1":1,"2":2},"f":{"0":1,"1":2},"b":{},"_coverageSchema":"43e27e138ebf9cfc5966b082cf9a028302ed4184","hash":"d9a71c0bc77e80d1967261b9cc0dcf69f4a1762d"}
,"/Users/jackierauhut/Documents/recipe-share/src/components/RecipePage/RecipePage.js": {"path":"/Users/jackierauhut/Documents/recipe-share/src/components/RecipePage/RecipePage.js","statementMap":{"0":{"start":{"line":13,"column":4},"end":{"line":13,"column":17}},"1":{"start":{"line":14,"column":4},"end":{"line":25,"column":6}},"2":{"start":{"line":29,"column":4},"end":{"line":49,"column":44}},"3":{"start":{"line":39,"column":8},"end":{"line":43,"column":9}},"4":{"start":{"line":40,"column":10},"end":{"line":40,"column":33}},"5":{"start":{"line":42,"column":10},"end":{"line":42,"column":76}},"6":{"start":{"line":46,"column":8},"end":{"line":46,"column":47}},"7":{"start":{"line":47,"column":8},"end":{"line":47,"column":44}},"8":{"start":{"line":49,"column":24},"end":{"line":49,"column":42}},"9":{"start":{"line":52,"column":11},"end":{"line":54,"column":3}},"10":{"start":{"line":53,"column":4},"end":{"line":53,"column":48}},"11":{"start":{"line":57,"column":18},"end":{"line":57,"column":56}},"12":{"start":{"line":58,"column":4},"end":{"line":72,"column":44}},"13":{"start":{"line":66,"column":8},"end":{"line":70,"column":9}},"14":{"start":{"line":67,"column":10},"end":{"line":67,"column":39}},"15":{"start":{"line":69,"column":10},"end":{"line":69,"column":79}},"16":{"start":{"line":72,"column":24},"end":{"line":72,"column":42}},"17":{"start":{"line":85,"column":8},"end":{"line":85,"column":25}},"18":{"start":{"line":86,"column":33},"end":{"line":86,"column":43}},"19":{"start":{"line":87,"column":4},"end":{"line":175,"column":6}},"20":{"start":{"line":96,"column":31},"end":{"line":96,"column":59}},"21":{"start":{"line":119,"column":39},"end":{"line":119,"column":61}},"22":{"start":{"line":148,"column":18},"end":{"line":155,"column":20}},"23":{"start":{"line":164,"column":18},"end":{"line":168,"column":20}}},"fnMap":{"0":{"name":"(anonymous_0)","decl":{"start":{"line":12,"column":2},"end":{"line":12,"column":3}},"loc":{"start":{"line":12,"column":21},"end":{"line":26,"column":3}},"line":12},"1":{"name":"(anonymous_1)","decl":{"start":{"line":28,"column":2},"end":{"line":28,"column":3}},"loc":{"start":{"line":28,"column":22},"end":{"line":50,"column":3}},"line":28},"2":{"name":"(anonymous_2)","decl":{"start":{"line":38,"column":12},"end":{"line":38,"column":13}},"loc":{"start":{"line":38,"column":26},"end":{"line":44,"column":7}},"line":38},"3":{"name":"(anonymous_3)","decl":{"start":{"line":45,"column":12},"end":{"line":45,"column":13}},"loc":{"start":{"line":45,"column":24},"end":{"line":48,"column":7}},"line":45},"4":{"name":"(anonymous_4)","decl":{"start":{"line":49,"column":13},"end":{"line":49,"column":14}},"loc":{"start":{"line":49,"column":24},"end":{"line":49,"column":42}},"line":49},"5":{"name":"(anonymous_5)","decl":{"start":{"line":52,"column":11},"end":{"line":52,"column":12}},"loc":{"start":{"line":52,"column":17},"end":{"line":54,"column":3}},"line":52},"6":{"name":"(anonymous_6)","decl":{"start":{"line":56,"column":2},"end":{"line":56,"column":3}},"loc":{"start":{"line":56,"column":19},"end":{"line":73,"column":3}},"line":56},"7":{"name":"(anonymous_7)","decl":{"start":{"line":65,"column":12},"end":{"line":65,"column":13}},"loc":{"start":{"line":65,"column":26},"end":{"line":71,"column":7}},"line":65},"8":{"name":"(anonymous_8)","decl":{"start":{"line":72,"column":13},"end":{"line":72,"column":14}},"loc":{"start":{"line":72,"column":24},"end":{"line":72,"column":42}},"line":72},"9":{"name":"(anonymous_9)","decl":{"start":{"line":75,"column":2},"end":{"line":75,"column":3}},"loc":{"start":{"line":75,"column":11},"end":{"line":176,"column":3}},"line":75},"10":{"name":"(anonymous_10)","decl":{"start":{"line":96,"column":25},"end":{"line":96,"column":26}},"loc":{"start":{"line":96,"column":31},"end":{"line":96,"column":59}},"line":96},"11":{"name":"(anonymous_11)","decl":{"start":{"line":119,"column":33},"end":{"line":119,"column":34}},"loc":{"start":{"line":119,"column":39},"end":{"line":119,"column":61}},"line":119},"12":{"name":"(anonymous_12)","decl":{"start":{"line":147,"column":33},"end":{"line":147,"column":34}},"loc":{"start":{"line":147,"column":51},"end":{"line":156,"column":17}},"line":147},"13":{"name":"(anonymous_13)","decl":{"start":{"line":163,"column":27},"end":{"line":163,"column":28}},"loc":{"start":{"line":163,"column":40},"end":{"line":169,"column":17}},"line":163}},"branchMap":{"0":{"loc":{"start":{"line":39,"column":8},"end":{"line":43,"column":9}},"type":"if","locations":[{"start":{"line":39,"column":8},"end":{"line":43,"column":9}},{"start":{"line":39,"column":8},"end":{"line":43,"column":9}}],"line":39},"1":{"loc":{"start":{"line":66,"column":8},"end":{"line":70,"column":9}},"type":"if","locations":[{"start":{"line":66,"column":8},"end":{"line":70,"column":9}},{"start":{"line":66,"column":8},"end":{"line":70,"column":9}}],"line":66},"2":{"loc":{"start":{"line":89,"column":9},"end":{"line":173,"column":9}},"type":"cond-expr","locations":[{"start":{"line":90,"column":10},"end":{"line":90,"column":56}},{"start":{"line":92,"column":10},"end":{"line":172,"column":16}}],"line":89},"3":{"loc":{"start":{"line":100,"column":15},"end":{"line":133,"column":15}},"type":"binary-expr","locations":[{"start":{"line":100,"column":15},"end":{"line":100,"column":47}},{"start":{"line":101,"column":16},"end":{"line":132,"column":22}}],"line":100}},"s":{"0":5,"1":5,"2":5,"3":0,"4":0,"5":0,"6":0,"7":0,"8":0,"9":5,"10":2,"11":0,"12":0,"13":0,"14":0,"15":0,"16":0,"17":11,"18":11,"19":11,"20":0,"21":0,"22":30,"23":18},"f":{"0":5,"1":5,"2":0,"3":0,"4":0,"5":2,"6":0,"7":0,"8":0,"9":11,"10":0,"11":0,"12":30,"13":18},"b":{"0":[0,0],"1":[0,0],"2":[5,6],"3":[6,6]},"_coverageSchema":"43e27e138ebf9cfc5966b082cf9a028302ed4184","hash":"8d074fe89b5d28405b4b35e6547d94c475a3df5e"}
,"/Users/jackierauhut/Documents/recipe-share/src/components/Register/Register.js": {"path":"/Users/jackierauhut/Documents/recipe-share/src/components/Register/Register.js","statementMap":{"0":{"start":{"line":7,"column":4},"end":{"line":7,"column":17}},"1":{"start":{"line":8,"column":4},"end":{"line":16,"column":6}},"2":{"start":{"line":19,"column":21},"end":{"line":26,"column":3}},"3":{"start":{"line":20,"column":4},"end":{"line":20,"column":60}},"4":{"start":{"line":21,"column":28},"end":{"line":21,"column":33}},"5":{"start":{"line":22,"column":4},"end":{"line":24,"column":5}},"6":{"start":{"line":23,"column":6},"end":{"line":23,"column":31}},"7":{"start":{"line":25,"column":4},"end":{"line":25,"column":41}},"8":{"start":{"line":28,"column":21},"end":{"line":35,"column":3}},"9":{"start":{"line":29,"column":4},"end":{"line":29,"column":60}},"10":{"start":{"line":30,"column":28},"end":{"line":30,"column":33}},"11":{"start":{"line":31,"column":4},"end":{"line":33,"column":5}},"12":{"start":{"line":32,"column":6},"end":{"line":32,"column":31}},"13":{"start":{"line":34,"column":4},"end":{"line":34,"column":41}},"14":{"start":{"line":37,"column":27},"end":{"line":39,"column":3}},"15":{"start":{"line":38,"column":4},"end":{"line":38,"column":50}},"16":{"start":{"line":41,"column":21},"end":{"line":100,"column":3}},"17":{"start":{"line":42,"column":4},"end":{"line":42,"column":39}},"18":{"start":{"line":44,"column":4},"end":{"line":46,"column":5}},"19":{"start":{"line":45,"column":6},"end":{"line":45,"column":49}},"20":{"start":{"line":47,"column":4},"end":{"line":49,"column":5}},"21":{"start":{"line":48,"column":6},"end":{"line":48,"column":49}},"22":{"start":{"line":51,"column":4},"end":{"line":99,"column":9}},"23":{"start":{"line":60,"column":8},"end":{"line":65,"column":9}},"24":{"start":{"line":61,"column":10},"end":{"line":61,"column":33}},"25":{"start":{"line":63,"column":10},"end":{"line":63,"column":48}},"26":{"start":{"line":64,"column":10},"end":{"line":64,"column":74}},"27":{"start":{"line":68,"column":8},"end":{"line":94,"column":9}},"28":{"start":{"line":69,"column":10},"end":{"line":87,"column":11}},"29":{"start":{"line":70,"column":12},"end":{"line":70,"column":52}},"30":{"start":{"line":71,"column":12},"end":{"line":86,"column":34}},"31":{"start":{"line":78,"column":34},"end":{"line":78,"column":49}},"32":{"start":{"line":80,"column":16},"end":{"line":84,"column":17}},"33":{"start":{"line":81,"column":18},"end":{"line":81,"column":44}},"34":{"start":{"line":82,"column":18},"end":{"line":82,"column":56}},"35":{"start":{"line":83,"column":18},"end":{"line":83,"column":47}},"36":{"start":{"line":89,"column":10},"end":{"line":91,"column":11}},"37":{"start":{"line":90,"column":12},"end":{"line":90,"column":52}},"38":{"start":{"line":92,"column":10},"end":{"line":92,"column":48}},"39":{"start":{"line":93,"column":10},"end":{"line":93,"column":46}},"40":{"start":{"line":97,"column":8},"end":{"line":97,"column":27}},"41":{"start":{"line":98,"column":8},"end":{"line":98,"column":44}},"42":{"start":{"line":102,"column":12},"end":{"line":106,"column":3}},"43":{"start":{"line":103,"column":4},"end":{"line":105,"column":5}},"44":{"start":{"line":104,"column":6},"end":{"line":104,"column":30}},"45":{"start":{"line":109,"column":4},"end":{"line":156,"column":6}},"46":{"start":{"line":149,"column":14},"end":{"line":149,"column":43}}},"fnMap":{"0":{"name":"(anonymous_0)","decl":{"start":{"line":6,"column":2},"end":{"line":6,"column":3}},"loc":{"start":{"line":6,"column":21},"end":{"line":17,"column":3}},"line":6},"1":{"name":"(anonymous_1)","decl":{"start":{"line":19,"column":21},"end":{"line":19,"column":22}},"loc":{"start":{"line":19,"column":32},"end":{"line":26,"column":3}},"line":19},"2":{"name":"(anonymous_2)","decl":{"start":{"line":28,"column":21},"end":{"line":28,"column":22}},"loc":{"start":{"line":28,"column":32},"end":{"line":35,"column":3}},"line":28},"3":{"name":"(anonymous_3)","decl":{"start":{"line":37,"column":27},"end":{"line":37,"column":28}},"loc":{"start":{"line":37,"column":38},"end":{"line":39,"column":3}},"line":37},"4":{"name":"(anonymous_4)","decl":{"start":{"line":41,"column":21},"end":{"line":41,"column":22}},"loc":{"start":{"line":41,"column":27},"end":{"line":100,"column":3}},"line":41},"5":{"name":"(anonymous_5)","decl":{"start":{"line":59,"column":12},"end":{"line":59,"column":13}},"loc":{"start":{"line":59,"column":26},"end":{"line":66,"column":7}},"line":59},"6":{"name":"(anonymous_6)","decl":{"start":{"line":67,"column":12},"end":{"line":67,"column":13}},"loc":{"start":{"line":67,"column":22},"end":{"line":95,"column":7}},"line":67},"7":{"name":"(anonymous_7)","decl":{"start":{"line":78,"column":20},"end":{"line":78,"column":21}},"loc":{"start":{"line":78,"column":34},"end":{"line":78,"column":49}},"line":78},"8":{"name":"(anonymous_8)","decl":{"start":{"line":79,"column":20},"end":{"line":79,"column":21}},"loc":{"start":{"line":79,"column":30},"end":{"line":85,"column":15}},"line":79},"9":{"name":"(anonymous_9)","decl":{"start":{"line":96,"column":13},"end":{"line":96,"column":14}},"loc":{"start":{"line":96,"column":24},"end":{"line":99,"column":7}},"line":96},"10":{"name":"(anonymous_10)","decl":{"start":{"line":102,"column":12},"end":{"line":102,"column":13}},"loc":{"start":{"line":102,"column":19},"end":{"line":106,"column":3}},"line":102},"11":{"name":"(anonymous_11)","decl":{"start":{"line":108,"column":2},"end":{"line":108,"column":3}},"loc":{"start":{"line":108,"column":11},"end":{"line":157,"column":3}},"line":108},"12":{"name":"(anonymous_12)","decl":{"start":{"line":148,"column":21},"end":{"line":148,"column":22}},"loc":{"start":{"line":148,"column":27},"end":{"line":150,"column":13}},"line":148}},"branchMap":{"0":{"loc":{"start":{"line":22,"column":4},"end":{"line":24,"column":5}},"type":"if","locations":[{"start":{"line":22,"column":4},"end":{"line":24,"column":5}},{"start":{"line":22,"column":4},"end":{"line":24,"column":5}}],"line":22},"1":{"loc":{"start":{"line":31,"column":4},"end":{"line":33,"column":5}},"type":"if","locations":[{"start":{"line":31,"column":4},"end":{"line":33,"column":5}},{"start":{"line":31,"column":4},"end":{"line":33,"column":5}}],"line":31},"2":{"loc":{"start":{"line":44,"column":4},"end":{"line":46,"column":5}},"type":"if","locations":[{"start":{"line":44,"column":4},"end":{"line":46,"column":5}},{"start":{"line":44,"column":4},"end":{"line":46,"column":5}}],"line":44},"3":{"loc":{"start":{"line":47,"column":4},"end":{"line":49,"column":5}},"type":"if","locations":[{"start":{"line":47,"column":4},"end":{"line":49,"column":5}},{"start":{"line":47,"column":4},"end":{"line":49,"column":5}}],"line":47},"4":{"loc":{"start":{"line":60,"column":8},"end":{"line":65,"column":9}},"type":"if","locations":[{"start":{"line":60,"column":8},"end":{"line":65,"column":9}},{"start":{"line":60,"column":8},"end":{"line":65,"column":9}}],"line":60},"5":{"loc":{"start":{"line":68,"column":8},"end":{"line":94,"column":9}},"type":"if","locations":[{"start":{"line":68,"column":8},"end":{"line":94,"column":9}},{"start":{"line":68,"column":8},"end":{"line":94,"column":9}}],"line":68},"6":{"loc":{"start":{"line":69,"column":10},"end":{"line":87,"column":11}},"type":"if","locations":[{"start":{"line":69,"column":10},"end":{"line":87,"column":11}},{"start":{"line":69,"column":10},"end":{"line":87,"column":11}}],"line":69},"7":{"loc":{"start":{"line":80,"column":16},"end":{"line":84,"column":17}},"type":"if","locations":[{"start":{"line":80,"column":16},"end":{"line":84,"column":17}},{"start":{"line":80,"column":16},"end":{"line":84,"column":17}}],"line":80},"8":{"loc":{"start":{"line":80,"column":20},"end":{"line":80,"column":41}},"type":"binary-expr","locations":[{"start":{"line":80,"column":20},"end":{"line":80,"column":24}},{"start":{"line":80,"column":28},"end":{"line":80,"column":41}}],"line":80},"9":{"loc":{"start":{"line":89,"column":10},"end":{"line":91,"column":11}},"type":"if","locations":[{"start":{"line":89,"column":10},"end":{"line":91,"column":11}},{"start":{"line":89,"column":10},"end":{"line":91,"column":11}}],"line":89},"10":{"loc":{"start":{"line":103,"column":4},"end":{"line":105,"column":5}},"type":"if","locations":[{"start":{"line":103,"column":4},"end":{"line":105,"column":5}},{"start":{"line":103,"column":4},"end":{"line":105,"column":5}}],"line":103},"11":{"loc":{"start":{"line":137,"column":11},"end":{"line":139,"column":11}},"type":"binary-expr","locations":[{"start":{"line":137,"column":11},"end":{"line":137,"column":34}},{"start":{"line":138,"column":12},"end":{"line":138,"column":63}}],"line":137},"12":{"loc":{"start":{"line":143,"column":13},"end":{"line":143,"column":59}},"type":"binary-expr","locations":[{"start":{"line":143,"column":13},"end":{"line":143,"column":34}},{"start":{"line":143,"column":38},"end":{"line":143,"column":59}}],"line":143},"13":{"loc":{"start":{"line":144,"column":13},"end":{"line":144,"column":60}},"type":"binary-expr","locations":[{"start":{"line":144,"column":13},"end":{"line":144,"column":33}},{"start":{"line":144,"column":37},"end":{"line":144,"column":60}}],"line":144}},"s":{"0":0,"1":0,"2":0,"3":0,"4":0,"5":0,"6":0,"7":0,"8":0,"9":0,"10":0,"11":0,"12":0,"13":0,"14":0,"15":0,"16":0,"17":0,"18":0,"19":0,"20":0,"21":0,"22":0,"23":0,"24":0,"25":0,"26":0,"27":0,"28":0,"29":0,"30":0,"31":0,"32":0,"33":0,"34":0,"35":0,"36":0,"37":0,"38":0,"39":0,"40":0,"41":0,"42":0,"43":0,"44":0,"45":0,"46":0},"f":{"0":0,"1":0,"2":0,"3":0,"4":0,"5":0,"6":0,"7":0,"8":0,"9":0,"10":0,"11":0,"12":0},"b":{"0":[0,0],"1":[0,0],"2":[0,0],"3":[0,0],"4":[0,0],"5":[0,0],"6":[0,0],"7":[0,0],"8":[0,0],"9":[0,0],"10":[0,0],"11":[0,0],"12":[0,0],"13":[0,0]},"hash":"dccb9a306303f33312d56a7837613a6ab0eba02c"}
,"/Users/jackierauhut/Documents/recipe-share/src/components/ResultsPage/ResultsPage.js": {"path":"/Users/jackierauhut/Documents/recipe-share/src/components/ResultsPage/ResultsPage.js","statementMap":{"0":{"start":{"line":6,"column":4},"end":{"line":6,"column":17}},"1":{"start":{"line":7,"column":4},"end":{"line":10,"column":6}},"2":{"start":{"line":13,"column":22},"end":{"line":32,"column":3}},"3":{"start":{"line":14,"column":4},"end":{"line":31,"column":44}},"4":{"start":{"line":21,"column":8},"end":{"line":25,"column":9}},"5":{"start":{"line":22,"column":10},"end":{"line":22,"column":33}},"6":{"start":{"line":24,"column":10},"end":{"line":24,"column":77}},"7":{"start":{"line":28,"column":8},"end":{"line":28,"column":49}},"8":{"start":{"line":29,"column":8},"end":{"line":29,"column":44}},"9":{"start":{"line":31,"column":24},"end":{"line":31,"column":42}},"10":{"start":{"line":34,"column":18},"end":{"line":40,"column":3}},"11":{"start":{"line":35,"column":4},"end":{"line":39,"column":7}},"12":{"start":{"line":36,"column":6},"end":{"line":38,"column":56}},"13":{"start":{"line":43,"column":4},"end":{"line":48,"column":6}}},"fnMap":{"0":{"name":"(anonymous_0)","decl":{"start":{"line":5,"column":2},"end":{"line":5,"column":3}},"loc":{"start":{"line":5,"column":21},"end":{"line":11,"column":3}},"line":5},"1":{"name":"(anonymous_1)","decl":{"start":{"line":13,"column":22},"end":{"line":13,"column":23}},"loc":{"start":{"line":13,"column":28},"end":{"line":32,"column":3}},"line":13},"2":{"name":"(anonymous_2)","decl":{"start":{"line":20,"column":12},"end":{"line":20,"column":13}},"loc":{"start":{"line":20,"column":26},"end":{"line":26,"column":7}},"line":20},"3":{"name":"(anonymous_3)","decl":{"start":{"line":27,"column":12},"end":{"line":27,"column":13}},"loc":{"start":{"line":27,"column":25},"end":{"line":30,"column":7}},"line":27},"4":{"name":"(anonymous_4)","decl":{"start":{"line":31,"column":13},"end":{"line":31,"column":14}},"loc":{"start":{"line":31,"column":24},"end":{"line":31,"column":42}},"line":31},"5":{"name":"(anonymous_5)","decl":{"start":{"line":34,"column":18},"end":{"line":34,"column":19}},"loc":{"start":{"line":34,"column":24},"end":{"line":40,"column":3}},"line":34},"6":{"name":"(anonymous_6)","decl":{"start":{"line":35,"column":37},"end":{"line":35,"column":38}},"loc":{"start":{"line":35,"column":49},"end":{"line":39,"column":5}},"line":35},"7":{"name":"(anonymous_7)","decl":{"start":{"line":42,"column":2},"end":{"line":42,"column":3}},"loc":{"start":{"line":42,"column":11},"end":{"line":49,"column":3}},"line":42}},"branchMap":{"0":{"loc":{"start":{"line":21,"column":8},"end":{"line":25,"column":9}},"type":"if","locations":[{"start":{"line":21,"column":8},"end":{"line":25,"column":9}},{"start":{"line":21,"column":8},"end":{"line":25,"column":9}}],"line":21}},"s":{"0":0,"1":0,"2":0,"3":0,"4":0,"5":0,"6":0,"7":0,"8":0,"9":0,"10":0,"11":0,"12":0,"13":0},"f":{"0":0,"1":0,"2":0,"3":0,"4":0,"5":0,"6":0,"7":0},"b":{"0":[0,0]},"hash":"6b18cdd9e289ff8adc5b43454ca9d55183f0dac8"}
,"/Users/jackierauhut/Documents/recipe-share/src/components/SignIn/SignIn.js": {"path":"/Users/jackierauhut/Documents/recipe-share/src/components/SignIn/SignIn.js","statementMap":{"0":{"start":{"line":7,"column":4},"end":{"line":7,"column":17}},"1":{"start":{"line":8,"column":4},"end":{"line":14,"column":6}},"2":{"start":{"line":17,"column":21},"end":{"line":19,"column":3}},"3":{"start":{"line":18,"column":4},"end":{"line":18,"column":58}},"4":{"start":{"line":21,"column":21},"end":{"line":23,"column":3}},"5":{"start":{"line":22,"column":4},"end":{"line":22,"column":58}},"6":{"start":{"line":25,"column":27},"end":{"line":27,"column":3}},"7":{"start":{"line":26,"column":4},"end":{"line":26,"column":50}},"8":{"start":{"line":29,"column":19},"end":{"line":87,"column":3}},"9":{"start":{"line":30,"column":4},"end":{"line":30,"column":40}},"10":{"start":{"line":32,"column":4},"end":{"line":86,"column":5}},"11":{"start":{"line":33,"column":6},"end":{"line":33,"column":64}},"12":{"start":{"line":34,"column":6},"end":{"line":34,"column":44}},"13":{"start":{"line":35,"column":11},"end":{"line":86,"column":5}},"14":{"start":{"line":36,"column":6},"end":{"line":36,"column":64}},"15":{"start":{"line":37,"column":6},"end":{"line":37,"column":44}},"16":{"start":{"line":39,"column":6},"end":{"line":39,"column":41}},"17":{"start":{"line":40,"column":6},"end":{"line":85,"column":11}},"18":{"start":{"line":49,"column":10},"end":{"line":57,"column":11}},"19":{"start":{"line":50,"column":12},"end":{"line":50,"column":35}},"20":{"start":{"line":52,"column":12},"end":{"line":52,"column":50}},"21":{"start":{"line":53,"column":12},"end":{"line":55,"column":15}},"22":{"start":{"line":56,"column":12},"end":{"line":56,"column":75}},"23":{"start":{"line":60,"column":10},"end":{"line":80,"column":11}},"24":{"start":{"line":61,"column":12},"end":{"line":61,"column":52}},"25":{"start":{"line":62,"column":12},"end":{"line":79,"column":17}},"26":{"start":{"line":69,"column":34},"end":{"line":69,"column":49}},"27":{"start":{"line":71,"column":16},"end":{"line":75,"column":17}},"28":{"start":{"line":72,"column":18},"end":{"line":72,"column":44}},"29":{"start":{"line":73,"column":18},"end":{"line":73,"column":56}},"30":{"start":{"line":74,"column":18},"end":{"line":74,"column":47}},"31":{"start":{"line":78,"column":16},"end":{"line":78,"column":52}},"32":{"start":{"line":83,"column":10},"end":{"line":83,"column":48}},"33":{"start":{"line":84,"column":10},"end":{"line":84,"column":46}},"34":{"start":{"line":89,"column":12},"end":{"line":93,"column":3}},"35":{"start":{"line":90,"column":4},"end":{"line":92,"column":5}},"36":{"start":{"line":91,"column":6},"end":{"line":91,"column":28}},"37":{"start":{"line":96,"column":4},"end":{"line":139,"column":6}},"38":{"start":{"line":132,"column":14},"end":{"line":132,"column":43}}},"fnMap":{"0":{"name":"(anonymous_0)","decl":{"start":{"line":6,"column":2},"end":{"line":6,"column":3}},"loc":{"start":{"line":6,"column":21},"end":{"line":15,"column":3}},"line":6},"1":{"name":"(anonymous_1)","decl":{"start":{"line":17,"column":21},"end":{"line":17,"column":22}},"loc":{"start":{"line":17,"column":32},"end":{"line":19,"column":3}},"line":17},"2":{"name":"(anonymous_2)","decl":{"start":{"line":21,"column":21},"end":{"line":21,"column":22}},"loc":{"start":{"line":21,"column":32},"end":{"line":23,"column":3}},"line":21},"3":{"name":"(anonymous_3)","decl":{"start":{"line":25,"column":27},"end":{"line":25,"column":28}},"loc":{"start":{"line":25,"column":38},"end":{"line":27,"column":3}},"line":25},"4":{"name":"(anonymous_4)","decl":{"start":{"line":29,"column":19},"end":{"line":29,"column":20}},"loc":{"start":{"line":29,"column":25},"end":{"line":87,"column":3}},"line":29},"5":{"name":"(anonymous_5)","decl":{"start":{"line":48,"column":14},"end":{"line":48,"column":15}},"loc":{"start":{"line":48,"column":28},"end":{"line":58,"column":9}},"line":48},"6":{"name":"(anonymous_6)","decl":{"start":{"line":59,"column":14},"end":{"line":59,"column":15}},"loc":{"start":{"line":59,"column":24},"end":{"line":81,"column":9}},"line":59},"7":{"name":"(anonymous_7)","decl":{"start":{"line":69,"column":20},"end":{"line":69,"column":21}},"loc":{"start":{"line":69,"column":34},"end":{"line":69,"column":49}},"line":69},"8":{"name":"(anonymous_8)","decl":{"start":{"line":70,"column":20},"end":{"line":70,"column":21}},"loc":{"start":{"line":70,"column":30},"end":{"line":76,"column":15}},"line":70},"9":{"name":"(anonymous_9)","decl":{"start":{"line":77,"column":21},"end":{"line":77,"column":22}},"loc":{"start":{"line":77,"column":32},"end":{"line":79,"column":15}},"line":77},"10":{"name":"(anonymous_10)","decl":{"start":{"line":82,"column":15},"end":{"line":82,"column":16}},"loc":{"start":{"line":82,"column":26},"end":{"line":85,"column":9}},"line":82},"11":{"name":"(anonymous_11)","decl":{"start":{"line":89,"column":12},"end":{"line":89,"column":13}},"loc":{"start":{"line":89,"column":19},"end":{"line":93,"column":3}},"line":89},"12":{"name":"(anonymous_12)","decl":{"start":{"line":95,"column":2},"end":{"line":95,"column":3}},"loc":{"start":{"line":95,"column":11},"end":{"line":140,"column":3}},"line":95},"13":{"name":"(anonymous_13)","decl":{"start":{"line":131,"column":21},"end":{"line":131,"column":22}},"loc":{"start":{"line":131,"column":27},"end":{"line":133,"column":13}},"line":131}},"branchMap":{"0":{"loc":{"start":{"line":32,"column":4},"end":{"line":86,"column":5}},"type":"if","locations":[{"start":{"line":32,"column":4},"end":{"line":86,"column":5}},{"start":{"line":32,"column":4},"end":{"line":86,"column":5}}],"line":32},"1":{"loc":{"start":{"line":35,"column":11},"end":{"line":86,"column":5}},"type":"if","locations":[{"start":{"line":35,"column":11},"end":{"line":86,"column":5}},{"start":{"line":35,"column":11},"end":{"line":86,"column":5}}],"line":35},"2":{"loc":{"start":{"line":49,"column":10},"end":{"line":57,"column":11}},"type":"if","locations":[{"start":{"line":49,"column":10},"end":{"line":57,"column":11}},{"start":{"line":49,"column":10},"end":{"line":57,"column":11}}],"line":49},"3":{"loc":{"start":{"line":60,"column":10},"end":{"line":80,"column":11}},"type":"if","locations":[{"start":{"line":60,"column":10},"end":{"line":80,"column":11}},{"start":{"line":60,"column":10},"end":{"line":80,"column":11}}],"line":60},"4":{"loc":{"start":{"line":71,"column":16},"end":{"line":75,"column":17}},"type":"if","locations":[{"start":{"line":71,"column":16},"end":{"line":75,"column":17}},{"start":{"line":71,"column":16},"end":{"line":75,"column":17}}],"line":71},"5":{"loc":{"start":{"line":71,"column":20},"end":{"line":71,"column":41}},"type":"binary-expr","locations":[{"start":{"line":71,"column":20},"end":{"line":71,"column":24}},{"start":{"line":71,"column":28},"end":{"line":71,"column":41}}],"line":71},"6":{"loc":{"start":{"line":90,"column":4},"end":{"line":92,"column":5}},"type":"if","locations":[{"start":{"line":90,"column":4},"end":{"line":92,"column":5}},{"start":{"line":90,"column":4},"end":{"line":92,"column":5}}],"line":90},"7":{"loc":{"start":{"line":120,"column":11},"end":{"line":122,"column":11}},"type":"binary-expr","locations":[{"start":{"line":120,"column":11},"end":{"line":120,"column":34}},{"start":{"line":121,"column":12},"end":{"line":121,"column":63}}],"line":120},"8":{"loc":{"start":{"line":126,"column":13},"end":{"line":126,"column":58}},"type":"binary-expr","locations":[{"start":{"line":126,"column":13},"end":{"line":126,"column":34}},{"start":{"line":126,"column":38},"end":{"line":126,"column":58}}],"line":126},"9":{"loc":{"start":{"line":127,"column":13},"end":{"line":127,"column":63}},"type":"binary-expr","locations":[{"start":{"line":127,"column":13},"end":{"line":127,"column":33}},{"start":{"line":127,"column":37},"end":{"line":127,"column":63}}],"line":127}},"s":{"0":0,"1":0,"2":0,"3":0,"4":0,"5":0,"6":0,"7":0,"8":0,"9":0,"10":0,"11":0,"12":0,"13":0,"14":0,"15":0,"16":0,"17":0,"18":0,"19":0,"20":0,"21":0,"22":0,"23":0,"24":0,"25":0,"26":0,"27":0,"28":0,"29":0,"30":0,"31":0,"32":0,"33":0,"34":0,"35":0,"36":0,"37":0,"38":0},"f":{"0":0,"1":0,"2":0,"3":0,"4":0,"5":0,"6":0,"7":0,"8":0,"9":0,"10":0,"11":0,"12":0,"13":0},"b":{"0":[0,0],"1":[0,0],"2":[0,0],"3":[0,0],"4":[0,0],"5":[0,0],"6":[0,0],"7":[0,0],"8":[0,0],"9":[0,0]},"hash":"bdb97aec6ceb5a8744ef4df521ba1485e1ebbe30"}
}
