TN:
SF:/Users/jackierauhut/Documents/recipe-share/src/App.js
FN:23,(anonymous_0)
FN:28,(anonymous_1)
FN:38,(anonymous_2)
FN:39,(anonymous_3)
FN:48,(anonymous_4)
FN:49,(anonymous_5)
FN:62,(anonymous_6)
FN:72,(anonymous_7)
FN:76,(anonymous_8)
FN:85,(anonymous_9)
FN:86,(anonymous_10)
FN:92,(anonymous_11)
FN:108,(anonymous_12)
FN:114,(anonymous_13)
FN:124,(anonymous_14)
FN:134,(anonymous_15)
FN:138,(anonymous_16)
FNF:17
FNH:0
FNDA:0,(anonymous_0)
FNDA:0,(anonymous_1)
FNDA:0,(anonymous_2)
FNDA:0,(anonymous_3)
FNDA:0,(anonymous_4)
FNDA:0,(anonymous_5)
FNDA:0,(anonymous_6)
FNDA:0,(anonymous_7)
FNDA:0,(anonymous_8)
FNDA:0,(anonymous_9)
FNDA:0,(anonymous_10)
FNDA:0,(anonymous_11)
FNDA:0,(anonymous_12)
FNDA:0,(anonymous_13)
FNDA:0,(anonymous_14)
FNDA:0,(anonymous_15)
FNDA:0,(anonymous_16)
DA:11,0
DA:24,0
DA:25,0
DA:29,0
DA:30,0
DA:31,0
DA:38,0
DA:40,0
DA:41,0
DA:48,0
DA:50,0
DA:51,0
DA:52,0
DA:53,0
DA:62,0
DA:63,0
DA:72,0
DA:73,0
DA:76,0
DA:77,0
DA:78,0
DA:79,0
DA:80,0
DA:81,0
DA:85,0
DA:86,0
DA:93,0
DA:94,0
DA:109,0
DA:115,0
DA:125,0
DA:134,0
DA:139,0
LF:33
LH:0
BRDA:30,0,0,0
BRDA:30,0,1,0
BRDA:40,1,0,0
BRDA:40,1,1,0
BRDA:50,2,0,0
BRDA:50,2,1,0
BRDA:50,3,0,0
BRDA:50,3,1,0
BRDA:77,4,0,0
BRDA:77,4,1,0
BRDA:80,5,0,0
BRDA:80,5,1,0
BRF:12
BRH:0
end_of_record
TN:
SF:/Users/jackierauhut/Documents/recipe-share/src/index.js
FNF:0
FNH:0
DA:8,0
DA:18,0
LF:2
LH:0
BRF:0
BRH:0
end_of_record
TN:
SF:/Users/jackierauhut/Documents/recipe-share/src/serviceWorker.js
FN:23,register
FN:34,(anonymous_1)
FN:43,(anonymous_2)
FN:57,registerValidSW
FN:60,(anonymous_4)
FN:61,(anonymous_5)
FN:66,(anonymous_6)
FN:96,(anonymous_7)
FN:101,checkValidServiceWorker
FN:106,(anonymous_9)
FN:114,(anonymous_10)
FN:115,(anonymous_11)
FN:124,(anonymous_12)
FN:131,unregister
FN:134,(anonymous_14)
FN:137,(anonymous_15)
FNF:16
FNH:0
FNDA:0,register
FNDA:0,(anonymous_1)
FNDA:0,(anonymous_2)
FNDA:0,registerValidSW
FNDA:0,(anonymous_4)
FNDA:0,(anonymous_5)
FNDA:0,(anonymous_6)
FNDA:0,(anonymous_7)
FNDA:0,checkValidServiceWorker
FNDA:0,(anonymous_9)
FNDA:0,(anonymous_10)
FNDA:0,(anonymous_11)
FNDA:0,(anonymous_12)
FNDA:0,unregister
FNDA:0,(anonymous_14)
FNDA:0,(anonymous_15)
DA:13,0
DA:24,0
DA:26,0
DA:27,0
DA:31,0
DA:34,0
DA:35,0
DA:37,0
DA:39,0
DA:43,0
DA:44,0
DA:51,0
DA:58,0
DA:61,0
DA:62,0
DA:63,0
DA:64,0
DA:66,0
DA:67,0
DA:68,0
DA:72,0
DA:78,0
DA:79,0
DA:85,0
DA:88,0
DA:89,0
DA:97,0
DA:103,0
DA:108,0
DA:109,0
DA:114,0
DA:115,0
DA:116,0
DA:121,0
DA:125,0
DA:132,0
DA:133,0
DA:135,0
DA:138,0
LF:39
LH:0
BRDA:14,0,0,0
BRDA:14,0,1,0
BRDA:14,0,2,0
BRDA:24,1,0,0
BRDA:24,1,1,0
BRDA:24,2,0,0
BRDA:24,2,1,0
BRDA:27,3,0,0
BRDA:27,3,1,0
BRDA:37,4,0,0
BRDA:37,4,1,0
BRDA:63,5,0,0
BRDA:63,5,1,0
BRDA:67,6,0,0
BRDA:67,6,1,0
BRDA:68,7,0,0
BRDA:68,7,1,0
BRDA:78,8,0,0
BRDA:78,8,1,0
BRDA:78,9,0,0
BRDA:78,9,1,0
BRDA:88,10,0,0
BRDA:88,10,1,0
BRDA:88,11,0,0
BRDA:88,11,1,0
BRDA:109,12,0,0
BRDA:109,12,1,0
BRDA:110,13,0,0
BRDA:110,13,1,0
BRDA:110,13,2,0
BRDA:132,14,0,0
BRDA:132,14,1,0
BRF:32
BRH:0
end_of_record
TN:
SF:/Users/jackierauhut/Documents/recipe-share/src/components/AddRecipeModal/AddRecipeModal.js
FN:19,(anonymous_0)
FN:37,(anonymous_1)
FN:39,(anonymous_2)
FN:42,(anonymous_3)
FN:85,(anonymous_4)
FN:86,(anonymous_5)
FN:98,(anonymous_6)
FN:107,(anonymous_7)
FN:111,(anonymous_8)
FN:115,(anonymous_9)
FN:124,(anonymous_10)
FN:133,(anonymous_11)
FN:134,(anonymous_12)
FN:160,(anonymous_13)
FN:166,(anonymous_14)
FN:167,(anonymous_15)
FN:172,(anonymous_16)
FN:178,(anonymous_17)
FN:179,(anonymous_18)
FN:205,(anonymous_19)
FN:211,(anonymous_20)
FN:212,(anonymous_21)
FN:217,(anonymous_22)
FN:223,(anonymous_23)
FN:228,(anonymous_24)
FN:231,(anonymous_25)
FNF:26
FNH:24
FNDA:11,(anonymous_0)
FNDA:2,(anonymous_1)
FNDA:2,(anonymous_2)
FNDA:2,(anonymous_3)
FNDA:0,(anonymous_4)
FNDA:0,(anonymous_5)
FNDA:2,(anonymous_6)
FNDA:1,(anonymous_7)
FNDA:1,(anonymous_8)
FNDA:2,(anonymous_9)
FNDA:2,(anonymous_10)
FNDA:38,(anonymous_11)
FNDA:39,(anonymous_12)
FNDA:1,(anonymous_13)
FNDA:1,(anonymous_14)
FNDA:1,(anonymous_15)
FNDA:1,(anonymous_16)
FNDA:38,(anonymous_17)
FNDA:39,(anonymous_18)
FNDA:1,(anonymous_19)
FNDA:1,(anonymous_20)
FNDA:1,(anonymous_21)
FNDA:1,(anonymous_22)
FNDA:76,(anonymous_23)
FNDA:3230,(anonymous_24)
FNDA:38,(anonymous_25)
DA:20,11
DA:21,11
DA:37,11
DA:38,2
DA:39,2
DA:41,2
DA:42,2
DA:46,2
DA:47,1
DA:48,1
DA:49,1
DA:50,1
DA:51,1
DA:53,0
DA:55,0
DA:58,0
DA:59,0
DA:61,0
DA:62,0
DA:64,0
DA:65,0
DA:68,0
DA:85,0
DA:87,0
DA:88,0
DA:89,0
DA:91,0
DA:98,11
DA:99,2
DA:100,2
DA:101,2
DA:102,1
DA:104,2
DA:107,11
DA:108,1
DA:111,11
DA:112,1
DA:115,11
DA:116,2
DA:117,2
DA:118,2
DA:119,1
DA:121,2
DA:124,11
DA:125,2
DA:126,2
DA:127,2
DA:128,1
DA:130,2
DA:134,38
DA:135,39
DA:161,1
DA:162,1
DA:163,1
DA:167,1
DA:173,1
DA:174,1
DA:175,1
DA:179,38
DA:180,39
DA:206,1
DA:207,1
DA:208,1
DA:212,1
DA:218,1
DA:219,1
DA:220,1
DA:224,76
DA:225,76
DA:226,3230
DA:228,3230
DA:232,38
DA:233,38
LF:73
LH:59
BRDA:46,0,0,1
BRDA:46,0,1,1
BRDA:49,1,0,1
BRDA:49,1,1,0
BRDA:58,2,0,0
BRDA:58,2,1,0
BRDA:61,3,0,0
BRDA:61,3,1,0
BRDA:64,4,0,0
BRDA:64,4,1,0
BRDA:74,5,0,0
BRDA:74,5,1,0
BRDA:87,6,0,0
BRDA:87,6,1,0
BRDA:101,7,0,1
BRDA:101,7,1,1
BRDA:118,8,0,1
BRDA:118,8,1,1
BRDA:127,9,0,1
BRDA:127,9,1,1
BRDA:140,10,0,39
BRDA:140,10,1,33
BRDA:144,11,0,1
BRDA:144,11,1,38
BRDA:185,12,0,39
BRDA:185,12,1,33
BRDA:189,13,0,1
BRDA:189,13,1,38
BRDA:323,14,0,38
BRDA:323,14,1,2
BRF:30
BRH:19
end_of_record
TN:
SF:/Users/jackierauhut/Documents/recipe-share/src/components/MainPage/MainPage.js
FN:8,(anonymous_0)
FN:17,(anonymous_1)
FN:39,(anonymous_2)
FN:43,(anonymous_3)
FN:47,(anonymous_4)
FNF:5
FNH:4
FNDA:5,(anonymous_0)
FNDA:5,(anonymous_1)
FNDA:1,(anonymous_2)
FNDA:0,(anonymous_3)
FNDA:11,(anonymous_4)
DA:9,5
DA:10,5
DA:18,5
DA:19,5
DA:28,1
DA:29,0
DA:31,1
DA:32,1
DA:33,1
DA:35,0
DA:39,5
DA:40,1
DA:43,5
DA:44,0
DA:48,11
DA:49,11
LF:16
LH:13
BRDA:28,0,0,0
BRDA:28,0,1,1
BRDA:52,1,0,6
BRDA:52,1,1,5
BRDA:54,2,0,4
BRDA:54,2,1,1
BRF:6
BRH:5
end_of_record
TN:
SF:/Users/jackierauhut/Documents/recipe-share/src/components/NavBar/NavBar.js
FN:16,(anonymous_0)
FN:25,(anonymous_1)
FN:29,(anonymous_2)
FN:33,(anonymous_3)
FN:57,(anonymous_4)
FNF:5
FNH:0
FNDA:0,(anonymous_0)
FNDA:0,(anonymous_1)
FNDA:0,(anonymous_2)
FNDA:0,(anonymous_3)
FNDA:0,(anonymous_4)
DA:17,0
DA:18,0
DA:25,0
DA:26,0
DA:29,0
DA:30,0
DA:34,0
DA:35,0
DA:37,0
DA:58,0
LF:10
LH:0
BRDA:69,0,0,0
BRDA:69,0,1,0
BRF:2
BRH:0
end_of_record
TN:
SF:/Users/jackierauhut/Documents/recipe-share/src/components/Profile/ProfileDropdown.js
FN:11,(anonymous_0)
FN:19,(anonymous_1)
FN:20,(anonymous_2)
FN:25,(anonymous_3)
FN:45,(anonymous_4)
FN:54,(anonymous_5)
FNF:6
FNH:0
FNDA:0,(anonymous_0)
FNDA:0,(anonymous_1)
FNDA:0,(anonymous_2)
FNDA:0,(anonymous_3)
FNDA:0,(anonymous_4)
FNDA:0,(anonymous_5)
DA:12,0
DA:13,0
DA:14,0
DA:19,0
DA:20,0
DA:26,0
DA:46,0
DA:47,0
DA:55,0
DA:56,0
DA:58,0
DA:64,0
DA:65,0
LF:13
LH:0
BRDA:55,0,0,0
BRDA:55,0,1,0
BRF:2
BRH:0
end_of_record
TN:
SF:/Users/jackierauhut/Documents/recipe-share/src/components/RecipeDisplay/RecipeDisplay.js
FN:13,(anonymous_0)
FN:16,(anonymous_1)
FNF:2
FNH:2
FNDA:1,(anonymous_0)
FNDA:2,(anonymous_1)
DA:13,2
DA:14,1
DA:17,2
LF:3
LH:3
BRF:0
BRH:0
end_of_record
TN:
SF:/Users/jackierauhut/Documents/recipe-share/src/components/RecipePage/RecipePage.js
FN:12,(anonymous_0)
FN:28,(anonymous_1)
FN:38,(anonymous_2)
FN:45,(anonymous_3)
FN:49,(anonymous_4)
FN:52,(anonymous_5)
FN:56,(anonymous_6)
FN:65,(anonymous_7)
FN:72,(anonymous_8)
FN:75,(anonymous_9)
FN:96,(anonymous_10)
FN:119,(anonymous_11)
FN:147,(anonymous_12)
FN:163,(anonymous_13)
FNF:14
FNH:6
FNDA:5,(anonymous_0)
FNDA:5,(anonymous_1)
FNDA:0,(anonymous_2)
FNDA:0,(anonymous_3)
FNDA:0,(anonymous_4)
FNDA:2,(anonymous_5)
FNDA:0,(anonymous_6)
FNDA:0,(anonymous_7)
FNDA:0,(anonymous_8)
FNDA:11,(anonymous_9)
FNDA:0,(anonymous_10)
FNDA:0,(anonymous_11)
FNDA:30,(anonymous_12)
FNDA:18,(anonymous_13)
DA:13,5
DA:14,5
DA:29,5
DA:39,0
DA:40,0
DA:42,0
DA:46,0
DA:47,0
DA:49,0
DA:52,5
DA:53,2
DA:57,0
DA:58,0
DA:66,0
DA:67,0
DA:69,0
DA:72,0
DA:85,11
DA:86,11
DA:87,11
DA:96,0
DA:119,0
DA:148,30
DA:164,18
LF:24
LH:10
BRDA:39,0,0,0
BRDA:39,0,1,0
BRDA:66,1,0,0
BRDA:66,1,1,0
BRDA:89,2,0,5
BRDA:89,2,1,6
BRDA:100,3,0,6
BRDA:100,3,1,6
BRF:8
BRH:4
end_of_record
TN:
SF:/Users/jackierauhut/Documents/recipe-share/src/components/Register/Register.js
FN:6,(anonymous_0)
FN:19,(anonymous_1)
FN:28,(anonymous_2)
FN:37,(anonymous_3)
FN:41,(anonymous_4)
FN:59,(anonymous_5)
FN:67,(anonymous_6)
FN:78,(anonymous_7)
FN:79,(anonymous_8)
FN:96,(anonymous_9)
FN:102,(anonymous_10)
FN:108,(anonymous_11)
FN:148,(anonymous_12)
FNF:13
FNH:0
FNDA:0,(anonymous_0)
FNDA:0,(anonymous_1)
FNDA:0,(anonymous_2)
FNDA:0,(anonymous_3)
FNDA:0,(anonymous_4)
FNDA:0,(anonymous_5)
FNDA:0,(anonymous_6)
FNDA:0,(anonymous_7)
FNDA:0,(anonymous_8)
FNDA:0,(anonymous_9)
FNDA:0,(anonymous_10)
FNDA:0,(anonymous_11)
FNDA:0,(anonymous_12)
DA:7,0
DA:8,0
DA:19,0
DA:20,0
DA:21,0
DA:22,0
DA:23,0
DA:25,0
DA:28,0
DA:29,0
DA:30,0
DA:31,0
DA:32,0
DA:34,0
DA:37,0
DA:38,0
DA:41,0
DA:42,0
DA:44,0
DA:45,0
DA:47,0
DA:48,0
DA:51,0
DA:60,0
DA:61,0
DA:63,0
DA:64,0
DA:68,0
DA:69,0
DA:70,0
DA:71,0
DA:78,0
DA:80,0
DA:81,0
DA:82,0
DA:83,0
DA:89,0
DA:90,0
DA:92,0
DA:93,0
DA:97,0
DA:98,0
DA:102,0
DA:103,0
DA:104,0
DA:109,0
DA:149,0
LF:47
LH:0
BRDA:22,0,0,0
BRDA:22,0,1,0
BRDA:31,1,0,0
BRDA:31,1,1,0
BRDA:44,2,0,0
BRDA:44,2,1,0
BRDA:47,3,0,0
BRDA:47,3,1,0
BRDA:60,4,0,0
BRDA:60,4,1,0
BRDA:68,5,0,0
BRDA:68,5,1,0
BRDA:69,6,0,0
BRDA:69,6,1,0
BRDA:80,7,0,0
BRDA:80,7,1,0
BRDA:80,8,0,0
BRDA:80,8,1,0
BRDA:89,9,0,0
BRDA:89,9,1,0
BRDA:103,10,0,0
BRDA:103,10,1,0
BRDA:137,11,0,0
BRDA:137,11,1,0
BRDA:143,12,0,0
BRDA:143,12,1,0
BRDA:144,13,0,0
BRDA:144,13,1,0
BRF:28
BRH:0
end_of_record
TN:
SF:/Users/jackierauhut/Documents/recipe-share/src/components/ResultsPage/ResultsPage.js
FN:5,(anonymous_0)
FN:13,(anonymous_1)
FN:20,(anonymous_2)
FN:27,(anonymous_3)
FN:31,(anonymous_4)
FN:34,(anonymous_5)
FN:35,(anonymous_6)
FN:42,(anonymous_7)
FNF:8
FNH:0
FNDA:0,(anonymous_0)
FNDA:0,(anonymous_1)
FNDA:0,(anonymous_2)
FNDA:0,(anonymous_3)
FNDA:0,(anonymous_4)
FNDA:0,(anonymous_5)
FNDA:0,(anonymous_6)
FNDA:0,(anonymous_7)
DA:6,0
DA:7,0
DA:13,0
DA:14,0
DA:21,0
DA:22,0
DA:24,0
DA:28,0
DA:29,0
DA:31,0
DA:34,0
DA:35,0
DA:36,0
DA:43,0
LF:14
LH:0
BRDA:21,0,0,0
BRDA:21,0,1,0
BRF:2
BRH:0
end_of_record
TN:
SF:/Users/jackierauhut/Documents/recipe-share/src/components/SignIn/SignIn.js
FN:6,(anonymous_0)
FN:17,(anonymous_1)
FN:21,(anonymous_2)
FN:25,(anonymous_3)
FN:29,(anonymous_4)
FN:48,(anonymous_5)
FN:59,(anonymous_6)
FN:69,(anonymous_7)
FN:70,(anonymous_8)
FN:77,(anonymous_9)
FN:82,(anonymous_10)
FN:89,(anonymous_11)
FN:95,(anonymous_12)
FN:131,(anonymous_13)
FNF:14
FNH:0
FNDA:0,(anonymous_0)
FNDA:0,(anonymous_1)
FNDA:0,(anonymous_2)
FNDA:0,(anonymous_3)
FNDA:0,(anonymous_4)
FNDA:0,(anonymous_5)
FNDA:0,(anonymous_6)
FNDA:0,(anonymous_7)
FNDA:0,(anonymous_8)
FNDA:0,(anonymous_9)
FNDA:0,(anonymous_10)
FNDA:0,(anonymous_11)
FNDA:0,(anonymous_12)
FNDA:0,(anonymous_13)
DA:7,0
DA:8,0
DA:17,0
DA:18,0
DA:21,0
DA:22,0
DA:25,0
DA:26,0
DA:29,0
DA:30,0
DA:32,0
DA:33,0
DA:34,0
DA:35,0
DA:36,0
DA:37,0
DA:39,0
DA:40,0
DA:49,0
DA:50,0
DA:52,0
DA:53,0
DA:56,0
DA:60,0
DA:61,0
DA:62,0
DA:69,0
DA:71,0
DA:72,0
DA:73,0
DA:74,0
DA:78,0
DA:83,0
DA:84,0
DA:89,0
DA:90,0
DA:91,0
DA:96,0
DA:132,0
LF:39
LH:0
BRDA:32,0,0,0
BRDA:32,0,1,0
BRDA:35,1,0,0
BRDA:35,1,1,0
BRDA:49,2,0,0
BRDA:49,2,1,0
BRDA:60,3,0,0
BRDA:60,3,1,0
BRDA:71,4,0,0
BRDA:71,4,1,0
BRDA:71,5,0,0
BRDA:71,5,1,0
BRDA:90,6,0,0
BRDA:90,6,1,0
BRDA:120,7,0,0
BRDA:120,7,1,0
BRDA:126,8,0,0
BRDA:126,8,1,0
BRDA:127,9,0,0
BRDA:127,9,1,0
BRF:20
BRH:0
end_of_record
